#
# A fatal error has been detected by the Java Runtime Environment:
#
#  EXCEPTION_ACCESS_VIOLATION (0xc0000005) at pc=0x00007ffa8e2e3cb3, pid=22620, tid=0x0000000000002ce4
#
# JRE version: Java(TM) SE Runtime Environment (8.0_271-b09) (build 1.8.0_271-b09)
# Java VM: Java HotSpot(TM) 64-Bit Server VM (25.271-b09 mixed mode windows-amd64 compressed oops)
# Problematic frame:
# C  0x00007ffa8e2e3cb3
#
# Failed to write core dump. Minidumps are not enabled by default on client versions of Windows
#
# If you would like to submit a bug report, please visit:
#   http://bugreport.java.com/bugreport/crash.jsp
# The crash happened outside the Java Virtual Machine in native code.
# See problematic frame for where to report the bug.
#

---------------  T H R E A D  ---------------

Current thread (0x0000015324ae0000):  JavaThread "AWT-EventQueue-0" [_thread_in_native, id=11492, stack(0x00000002b0c00000,0x00000002b0d00000)]

siginfo: ExceptionCode=0xc0000005, reading address 0x0000015325658001

Registers:
RAX=0x000000000000f80c, RBX=0x000000000007c080, RCX=0x00000000000007f0, RDX=0x0000015338613fe0
RSP=0x00000002b0cfb6a0, RBP=0x00000002b0cfb7f0, RSI=0x00000002b0cfbbd0, RDI=0x000000000000f810
R8 =0x00000000000007f0, R9 =0x0000015325657813, R10=0x00000002b0cfb720, R11=0x0000015338610050
R12=0x00000002b0cfbab0, R13=0x00007ffa8e2e6190, R14=0x0000000000000000, R15=0x0000000000000006
RIP=0x00007ffa8e2e3cb3, EFLAGS=0x0000000000010297

Top of Stack: (sp=0x00000002b0cfb6a0)
0x00000002b0cfb6a0:   0000000000000001 00007ffa8e2e61c1
0x00000002b0cfb6b0:   0000000000000006 00007ffa8e2e6190
0x00000002b0cfb6c0:   00000002b0cfbab0 0000000000000001
0x00000002b0cfb6d0:   00000002b0cfb720 0000000000000006
0x00000002b0cfb6e0:   00000002b0cfb7f0 00007ffa8e2e9cbf
0x00000002b0cfb6f0:   0000000000000006 00000002b0cfb903
0x00000002b0cfb700:   0000000000000005 0000000000000001
0x00000002b0cfb710:   0000015338610050 000000000007c080
0x00000002b0cfb720:   000000000000f810 00000002b0cfb738
0x00000002b0cfb730:   000000010000f810 3ff0000000000000
0x00000002b0cfb740:   0000000000000000 000000005f0125f6
0x00000002b0cfb750:   00000153255e8f30 fffffffffffffffe
0x00000002b0cfb760:   0000000242ffc006 0000f81000000001
0x00000002b0cfb770:   0000015338610050 0000015338cd8750
0x00000002b0cfb780:   0000015338610050 0000015338cd8750
0x00000002b0cfb790:   0000015338cd8750 0000000000000000 

Instructions: (pc=0x00007ffa8e2e3cb3)
0x00007ffa8e2e3c93:   1c cd 00 00 00 00 4c 8d 49 03 0f 1f 00 41 ff 4a
0x00007ffa8e2e3ca3:   04 33 c9 45 33 c0 41 83 3a 04 78 65 49 8d 53 10
0x00007ffa8e2e3cb3:   43 0f b6 44 01 fe 83 c1 04 49 83 c0 04 48 83 c2
0x00007ffa8e2e3cc3:   20 66 0f 6e c8 43 0f b6 44 01 f9 f3 0f e6 c9 66 


Register to memory mapping:

RAX=0x000000000000f80c is an unknown value
RBX=0x000000000007c080 is an unknown value
RCX=0x00000000000007f0 is an unknown value
RDX=0x0000015338613fe0 is an unknown value
RSP=0x00000002b0cfb6a0 is pointing into the stack for thread: 0x0000015324ae0000
RBP=0x00000002b0cfb7f0 is pointing into the stack for thread: 0x0000015324ae0000
RSI=0x00000002b0cfbbd0 is pointing into the stack for thread: 0x0000015324ae0000
RDI=0x000000000000f810 is an unknown value
R8 =0x00000000000007f0 is an unknown value
R9 =0x0000015325657813 is an unknown value
R10=0x00000002b0cfb720 is pointing into the stack for thread: 0x0000015324ae0000
R11=0x0000015338610050 is an unknown value
R12=0x00000002b0cfbab0 is pointing into the stack for thread: 0x0000015324ae0000
R13=0x00007ffa8e2e6190 is an unknown value
R14=0x0000000000000000 is an unknown value
R15=0x0000000000000006 is an unknown value


Stack: [0x00000002b0c00000,0x00000002b0d00000],  sp=0x00000002b0cfb6a0,  free space=1005k
Native frames: (J=compiled Java code, j=interpreted, Vv=VM code, C=native code)
C  0x00007ffa8e2e3cb3
C  0x00007ffa8e2e61c1
C  0x00007ffa8e2e9cbf
C  0x00007ffa8f40a608
C  0x00007ffa8f410728
C  0x00007ffaac4c30ef
C  0x000001530de19f4e

Java frames: (J=compiled Java code, j=interpreted, Vv=VM code)
j  com.googlecode.javacv.cpp.opencv_contrib$FaceRecognizer.train(Lcom/googlecode/javacv/cpp/opencv_core$MatVector;[I)V+0
j  presensi.karyawan.dao.PresensiDAO.recognizer(Ljava/lang/String;Ljava/lang/String;)Ljava/lang/String;+254
j  presensi.karyawan.Presence.presensiAct(Ljava/lang/String;)V+272
j  presensi.karyawan.Presence.masukBtn1ActionPerformed(Ljava/awt/event/ActionEvent;)V+3
j  presensi.karyawan.Presence.access$200(Lpresensi/karyawan/Presence;Ljava/awt/event/ActionEvent;)V+2
j  presensi.karyawan.Presence$3.actionPerformed(Ljava/awt/event/ActionEvent;)V+5
j  javax.swing.AbstractButton.fireActionPerformed(Ljava/awt/event/ActionEvent;)V+83
j  javax.swing.AbstractButton$Handler.actionPerformed(Ljava/awt/event/ActionEvent;)V+5
j  javax.swing.DefaultButtonModel.fireActionPerformed(Ljava/awt/event/ActionEvent;)V+34
j  javax.swing.DefaultButtonModel.setPressed(Z)V+117
j  javax.swing.plaf.basic.BasicButtonListener.mouseReleased(Ljava/awt/event/MouseEvent;)V+35
j  java.awt.Component.processMouseEvent(Ljava/awt/event/MouseEvent;)V+64
j  javax.swing.JComponent.processMouseEvent(Ljava/awt/event/MouseEvent;)V+23
j  java.awt.Component.processEvent(Ljava/awt/AWTEvent;)V+81
J 2540 C1 java.awt.Container.processEvent(Ljava/awt/AWTEvent;)V (22 bytes) @ 0x000001530e5f73cc [0x000001530e5f70a0+0x32c]
J 2356 C1 java.awt.Component.dispatchEventImpl(Ljava/awt/AWTEvent;)V (921 bytes) @ 0x000001530e53dce4 [0x000001530e538800+0x54e4]
J 1220 C1 java.awt.Container.dispatchEventImpl(Ljava/awt/AWTEvent;)V (129 bytes) @ 0x000001530e20f704 [0x000001530e20f5c0+0x144]
J 1219 C1 java.awt.Component.dispatchEvent(Ljava/awt/AWTEvent;)V (6 bytes) @ 0x000001530e20d644 [0x000001530e20d540+0x104]
j  java.awt.LightweightDispatcher.retargetMouseEvent(Ljava/awt/Component;ILjava/awt/event/MouseEvent;)V+349
J 2521 C1 java.awt.LightweightDispatcher.processMouseEvent(Ljava/awt/event/MouseEvent;)Z (286 bytes) @ 0x000001530e5ef2bc [0x000001530e5edbc0+0x16fc]
J 2367 C1 java.awt.LightweightDispatcher.dispatchEvent(Ljava/awt/AWTEvent;)Z (73 bytes) @ 0x000001530e54d33c [0x000001530e54cf00+0x43c]
J 1220 C1 java.awt.Container.dispatchEventImpl(Ljava/awt/AWTEvent;)V (129 bytes) @ 0x000001530e20f6a4 [0x000001530e20f5c0+0xe4]
J 2353 C1 java.awt.Window.dispatchEventImpl(Ljava/awt/AWTEvent;)V (23 bytes) @ 0x000001530e535a64 [0x000001530e535480+0x5e4]
J 2320 C1 java.awt.EventQueue.dispatchEventImpl(Ljava/awt/AWTEvent;Ljava/lang/Object;)V (149 bytes) @ 0x000001530e52153c [0x000001530e51fd00+0x183c]
J 2318 C1 java.awt.EventQueue$3.run()Ljava/lang/Void; (60 bytes) @ 0x000001530e51f10c [0x000001530e51ef00+0x20c]
J 2317 C1 java.awt.EventQueue$3.run()Ljava/lang/Object; (5 bytes) @ 0x000001530e51eb8c [0x000001530e51eb00+0x8c]
v  ~StubRoutines::call_stub
J 1019  java.security.AccessController.doPrivileged(Ljava/security/PrivilegedAction;Ljava/security/AccessControlContext;)Ljava/lang/Object; (0 bytes) @ 0x000001530e1955a6 [0x000001530e195540+0x66]
J 2348 C1 java.awt.EventQueue$4.run()Ljava/lang/Object; (5 bytes) @ 0x000001530e532f6c [0x000001530e532b40+0x42c]
v  ~StubRoutines::call_stub
J 1019  java.security.AccessController.doPrivileged(Ljava/security/PrivilegedAction;Ljava/security/AccessControlContext;)Ljava/lang/Object; (0 bytes) @ 0x000001530e1955a6 [0x000001530e195540+0x66]
J 1204 C1 java.awt.EventQueue.dispatchEvent(Ljava/awt/AWTEvent;)V (80 bytes) @ 0x000001530e201ebc [0x000001530e201040+0xe7c]
J 1205 C1 java.awt.EventDispatchThread.pumpOneEventForFilters(I)V (190 bytes) @ 0x000001530e20418c [0x000001530e203040+0x114c]
j  java.awt.EventDispatchThread.pumpEventsForFilter(ILjava/awt/Conditional;Ljava/awt/EventFilter;)V+35
j  java.awt.EventDispatchThread.pumpEventsForHierarchy(ILjava/awt/Conditional;Ljava/awt/Component;)V+11
j  java.awt.EventDispatchThread.pumpEvents(ILjava/awt/Conditional;)V+4
j  java.awt.EventDispatchThread.pumpEvents(Ljava/awt/Conditional;)V+3
j  java.awt.EventDispatchThread.run()V+9
v  ~StubRoutines::call_stub

---------------  P R O C E S S  ---------------

Java Threads: ( => current thread )
  0x00000153230e9800 JavaThread "Abandoned connection cleanup thread" daemon [_thread_blocked, id=21124, stack(0x00000002b1400000,0x00000002b1500000)]
  0x000001532cd46800 JavaThread "mysql-cj-abandoned-connection-cleanup" daemon [_thread_blocked, id=23160, stack(0x00000002b1300000,0x00000002b1400000)]
  0x000001532cd36000 JavaThread "TimerQueue" daemon [_thread_blocked, id=24192, stack(0x00000002b1200000,0x00000002b1300000)]
  0x000001530c371800 JavaThread "DestroyJavaVM" [_thread_blocked, id=23432, stack(0x00000002af500000,0x00000002af600000)]
=>0x0000015324ae0000 JavaThread "AWT-EventQueue-0" [_thread_in_native, id=11492, stack(0x00000002b0c00000,0x00000002b0d00000)]
  0x0000015324a81000 JavaThread "AWT-Windows" daemon [_thread_in_native, id=13732, stack(0x00000002b0b00000,0x00000002b0c00000)]
  0x0000015324a7e000 JavaThread "AWT-Shutdown" [_thread_blocked, id=15272, stack(0x00000002b0a00000,0x00000002b0b00000)]
  0x0000015324a7d800 JavaThread "Java2D Disposer" daemon [_thread_blocked, id=12368, stack(0x00000002b0900000,0x00000002b0a00000)]
  0x00000153230ee000 JavaThread "Service Thread" daemon [_thread_blocked, id=15228, stack(0x00000002b0700000,0x00000002b0800000)]
  0x0000015323081000 JavaThread "C1 CompilerThread3" daemon [_thread_blocked, id=9820, stack(0x00000002b0600000,0x00000002b0700000)]
  0x0000015323073800 JavaThread "C2 CompilerThread2" daemon [_thread_blocked, id=15712, stack(0x00000002b0500000,0x00000002b0600000)]
  0x0000015323067800 JavaThread "C2 CompilerThread1" daemon [_thread_blocked, id=15100, stack(0x00000002b0400000,0x00000002b0500000)]
  0x0000015323063000 JavaThread "C2 CompilerThread0" daemon [_thread_blocked, id=14984, stack(0x00000002b0300000,0x00000002b0400000)]
  0x000001532305f800 JavaThread "Attach Listener" daemon [_thread_blocked, id=8536, stack(0x00000002b0200000,0x00000002b0300000)]
  0x000001532305e800 JavaThread "Signal Dispatcher" daemon [_thread_blocked, id=12804, stack(0x00000002b0100000,0x00000002b0200000)]
  0x000001532244d800 JavaThread "Finalizer" daemon [_thread_blocked, id=1088, stack(0x00000002b0000000,0x00000002b0100000)]
  0x0000015322447000 JavaThread "Reference Handler" daemon [_thread_blocked, id=3624, stack(0x00000002aff00000,0x00000002b0000000)]

Other Threads:
  0x0000015323013800 VMThread [stack: 0x00000002afe00000,0x00000002aff00000] [id=24048]
  0x0000015324454800 WatcherThread [stack: 0x00000002b0800000,0x00000002b0900000] [id=13540]

VM state:not at safepoint (normal execution)

VM Mutex/Monitor currently owned by a thread: None

heap address: 0x0000000082000000, size: 2016 MB, Compressed Oops mode: 32-bit
Narrow klass base: 0x0000000000000000, Narrow klass shift: 3
Compressed class space size: 1073741824 Address: 0x0000000100000000

Heap:
 PSYoungGen      total 27136K, used 1988K [0x00000000d6000000, 0x00000000d9e80000, 0x0000000100000000)
  eden space 22016K, 1% used [0x00000000d6000000,0x00000000d60549d8,0x00000000d7580000)
  from space 5120K, 32% used [0x00000000d8500000,0x00000000d869c7a0,0x00000000d8a00000)
  to   space 15872K, 0% used [0x00000000d7580000,0x00000000d7580000,0x00000000d8500000)
 ParOldGen       total 53248K, used 11975K [0x0000000082000000, 0x0000000085400000, 0x00000000d6000000)
  object space 53248K, 22% used [0x0000000082000000,0x0000000082bb1c98,0x0000000085400000)
 Metaspace       used 26107K, capacity 26494K, committed 26800K, reserved 1073152K
  class space    used 3094K, capacity 3205K, committed 3248K, reserved 1048576K

Card table byte_map: [0x000001531d1c0000,0x000001531d5c0000] byte_map_base: 0x000001531cdb0000

Marking Bits: (ParMarkBitMap*) 0x000000005f227fe0
 Begin Bits: [0x000001531d860000, 0x000001531f7e0000)
 End Bits:   [0x000001531f7e0000, 0x0000015321760000)

Polling page: 0x000001530c510000

CodeCache: size=245760Kb used=8845Kb max_used=9079Kb free=236914Kb
 bounds [0x000001530de00000, 0x000001530e6f0000, 0x000001531ce00000]
 total_blobs=3648 nmethods=2700 adapters=859
 compilation: enabled

Compilation events (10 events):
Event: 26.717 Thread 0x0000015323081000 2795  s    3       com.googlecode.javacpp.Loader::putMemberOffset (43 bytes)
Event: 26.718 Thread 0x0000015323081000 nmethod 2795 0x000001530e6e3350 code [0x000001530e6e3540, 0x000001530e6e3fb0]
Event: 26.731 Thread 0x0000015323081000 2796       3       java.lang.Class::annotationData (44 bytes)
Event: 26.732 Thread 0x0000015323081000 nmethod 2796 0x000001530e6e0510 code [0x000001530e6e06a0, 0x000001530e6e0a10]
Event: 26.732 Thread 0x0000015323081000 2797   !   3       com.sun.proxy.$Proxy1::value (29 bytes)
Event: 26.733 Thread 0x0000015323081000 nmethod 2797 0x000001530df242d0 code [0x000001530df24460, 0x000001530df24840]
Event: 26.733 Thread 0x0000015323081000 2798   !   3       com.sun.proxy.$Proxy1::not (29 bytes)
Event: 26.734 Thread 0x0000015323081000 nmethod 2798 0x000001530dfc5bd0 code [0x000001530dfc5d60, 0x000001530dfc6140]
Event: 26.735 Thread 0x0000015323081000 2799   !   3       com.sun.proxy.$Proxy1::preloadpath (29 bytes)
Event: 26.736 Thread 0x0000015323081000 nmethod 2799 0x000001530df0e4d0 code [0x000001530df0e660, 0x000001530df0ea40]

GC Heap History (10 events):
Event: 11.433 GC heap before
{Heap before GC invocations=4 (full 1):
 PSYoungGen      total 37888K, used 9835K [0x00000000d6000000, 0x00000000d8a00000, 0x0000000100000000)
  eden space 32768K, 30% used [0x00000000d6000000,0x00000000d699ac78,0x00000000d8000000)
  from space 5120K, 0% used [0x00000000d8500000,0x00000000d8500000,0x00000000d8a00000)
  to   space 5120K, 0% used [0x00000000d8000000,0x00000000d8000000,0x00000000d8500000)
 ParOldGen       total 53248K, used 11283K [0x0000000082000000, 0x0000000085400000, 0x00000000d6000000)
  object space 53248K, 21% used [0x0000000082000000,0x0000000082b04c48,0x0000000085400000)
 Metaspace       used 23777K, capacity 24184K, committed 24496K, reserved 1071104K
  class space    used 2837K, capacity 2948K, committed 2992K, reserved 1048576K
Event: 11.435 GC heap after
Heap after GC invocations=4 (full 1):
 PSYoungGen      total 37888K, used 4499K [0x00000000d6000000, 0x00000000d8a00000, 0x0000000100000000)
  eden space 32768K, 0% used [0x00000000d6000000,0x00000000d6000000,0x00000000d8000000)
  from space 5120K, 87% used [0x00000000d8000000,0x00000000d8464f48,0x00000000d8500000)
  to   space 5120K, 0% used [0x00000000d8500000,0x00000000d8500000,0x00000000d8a00000)
 ParOldGen       total 53248K, used 16824K [0x0000000082000000, 0x0000000085400000, 0x00000000d6000000)
  object space 53248K, 31% used [0x0000000082000000,0x000000008306e268,0x0000000085400000)
 Metaspace       used 23777K, capacity 24184K, committed 24496K, reserved 1071104K
  class space    used 2837K, capacity 2948K, committed 2992K, reserved 1048576K
}
Event: 11.435 GC heap before
{Heap before GC invocations=5 (full 2):
 PSYoungGen      total 37888K, used 4499K [0x00000000d6000000, 0x00000000d8a00000, 0x0000000100000000)
  eden space 32768K, 0% used [0x00000000d6000000,0x00000000d6000000,0x00000000d8000000)
  from space 5120K, 87% used [0x00000000d8000000,0x00000000d8464f48,0x00000000d8500000)
  to   space 5120K, 0% used [0x00000000d8500000,0x00000000d8500000,0x00000000d8a00000)
 ParOldGen       total 53248K, used 16824K [0x0000000082000000, 0x0000000085400000, 0x00000000d6000000)
  object space 53248K, 31% used [0x0000000082000000,0x000000008306e268,0x0000000085400000)
 Metaspace       used 23777K, capacity 24184K, committed 24496K, reserved 1071104K
  class space    used 2837K, capacity 2948K, committed 2992K, reserved 1048576K
Event: 11.481 GC heap after
Heap after GC invocations=5 (full 2):
 PSYoungGen      total 37888K, used 0K [0x00000000d6000000, 0x00000000d8a00000, 0x0000000100000000)
  eden space 32768K, 0% used [0x00000000d6000000,0x00000000d6000000,0x00000000d8000000)
  from space 5120K, 0% used [0x00000000d8000000,0x00000000d8000000,0x00000000d8500000)
  to   space 5120K, 0% used [0x00000000d8500000,0x00000000d8500000,0x00000000d8a00000)
 ParOldGen       total 53248K, used 11951K [0x0000000082000000, 0x0000000085400000, 0x00000000d6000000)
  object space 53248K, 22% used [0x0000000082000000,0x0000000082babc98,0x0000000085400000)
 Metaspace       used 23777K, capacity 24184K, committed 24496K, reserved 1071104K
  class space    used 2837K, capacity 2948K, committed 2992K, reserved 1048576K
}
Event: 16.584 GC heap before
{Heap before GC invocations=6 (full 2):
 PSYoungGen      total 37888K, used 31960K [0x00000000d6000000, 0x00000000d8a00000, 0x0000000100000000)
  eden space 32768K, 97% used [0x00000000d6000000,0x00000000d7f360e8,0x00000000d8000000)
  from space 5120K, 0% used [0x00000000d8000000,0x00000000d8000000,0x00000000d8500000)
  to   space 5120K, 0% used [0x00000000d8500000,0x00000000d8500000,0x00000000d8a00000)
 ParOldGen       total 53248K, used 11951K [0x0000000082000000, 0x0000000085400000, 0x00000000d6000000)
  object space 53248K, 22% used [0x0000000082000000,0x0000000082babc98,0x0000000085400000)
 Metaspace       used 24744K, capacity 25112K, committed 25392K, reserved 1071104K
  class space    used 2915K, capacity 3044K, committed 3120K, reserved 1048576K
Event: 16.585 GC heap after
Heap after GC invocations=6 (full 2):
 PSYoungGen      total 37888K, used 4112K [0x00000000d6000000, 0x00000000d8a00000, 0x0000000100000000)
  eden space 32768K, 0% used [0x00000000d6000000,0x00000000d6000000,0x00000000d8000000)
  from space 5120K, 80% used [0x00000000d8500000,0x00000000d8904078,0x00000000d8a00000)
  to   space 5120K, 0% used [0x00000000d8000000,0x00000000d8000000,0x00000000d8500000)
 ParOldGen       total 53248K, used 11959K [0x0000000082000000, 0x0000000085400000, 0x00000000d6000000)
  object space 53248K, 22% used [0x0000000082000000,0x0000000082badc98,0x0000000085400000)
 Metaspace       used 24744K, capacity 25112K, committed 25392K, reserved 1071104K
  class space    used 2915K, capacity 3044K, committed 3120K, reserved 1048576K
}
Event: 17.672 GC heap before
{Heap before GC invocations=7 (full 2):
 PSYoungGen      total 37888K, used 36463K [0x00000000d6000000, 0x00000000d8a00000, 0x0000000100000000)
  eden space 32768K, 98% used [0x00000000d6000000,0x00000000d7f97db8,0x00000000d8000000)
  from space 5120K, 80% used [0x00000000d8500000,0x00000000d8904078,0x00000000d8a00000)
  to   space 5120K, 0% used [0x00000000d8000000,0x00000000d8000000,0x00000000d8500000)
 ParOldGen       total 53248K, used 11959K [0x0000000082000000, 0x0000000085400000, 0x00000000d6000000)
  object space 53248K, 22% used [0x0000000082000000,0x0000000082badc98,0x0000000085400000)
 Metaspace       used 24749K, capacity 25112K, committed 25392K, reserved 1071104K
  class space    used 2915K, capacity 3044K, committed 3120K, reserved 1048576K
Event: 17.673 GC heap after
Heap after GC invocations=7 (full 2):
 PSYoungGen      total 37888K, used 4016K [0x00000000d6000000, 0x00000000d8a00000, 0x0000000100000000)
  eden space 32768K, 0% used [0x00000000d6000000,0x00000000d6000000,0x00000000d8000000)
  from space 5120K, 78% used [0x00000000d8000000,0x00000000d83ec078,0x00000000d8500000)
  to   space 5120K, 0% used [0x00000000d8500000,0x00000000d8500000,0x00000000d8a00000)
 ParOldGen       total 53248K, used 11967K [0x0000000082000000, 0x0000000085400000, 0x00000000d6000000)
  object space 53248K, 22% used [0x0000000082000000,0x0000000082bafc98,0x0000000085400000)
 Metaspace       used 24749K, capacity 25112K, committed 25392K, reserved 1071104K
  class space    used 2915K, capacity 3044K, committed 3120K, reserved 1048576K
}
Event: 26.723 GC heap before
{Heap before GC invocations=8 (full 2):
 PSYoungGen      total 37888K, used 36784K [0x00000000d6000000, 0x00000000d8a00000, 0x0000000100000000)
  eden space 32768K, 100% used [0x00000000d6000000,0x00000000d8000000,0x00000000d8000000)
  from space 5120K, 78% used [0x00000000d8000000,0x00000000d83ec078,0x00000000d8500000)
  to   space 5120K, 0% used [0x00000000d8500000,0x00000000d8500000,0x00000000d8a00000)
 ParOldGen       total 53248K, used 11967K [0x0000000082000000, 0x0000000085400000, 0x00000000d6000000)
  object space 53248K, 22% used [0x0000000082000000,0x0000000082bafc98,0x0000000085400000)
 Metaspace       used 26088K, capacity 26430K, committed 26800K, reserved 1073152K
  class space    used 3091K, capacity 3205K, committed 3248K, reserved 1048576K
Event: 26.726 GC heap after
Heap after GC invocations=8 (full 2):
 PSYoungGen      total 27136K, used 1649K [0x00000000d6000000, 0x00000000d9e80000, 0x0000000100000000)
  eden space 22016K, 0% used [0x00000000d6000000,0x00000000d6000000,0x00000000d7580000)
  from space 5120K, 32% used [0x00000000d8500000,0x00000000d869c7a0,0x00000000d8a00000)
  to   space 15872K, 0% used [0x00000000d7580000,0x00000000d7580000,0x00000000d8500000)
 ParOldGen       total 53248K, used 11975K [0x0000000082000000, 0x0000000085400000, 0x00000000d6000000)
  object space 53248K, 22% used [0x0000000082000000,0x0000000082bb1c98,0x0000000085400000)
 Metaspace       used 26088K, capacity 26430K, committed 26800K, reserved 1073152K
  class space    used 3091K, capacity 3205K, committed 3248K, reserved 1048576K
}

Deoptimization events (10 events):
Event: 9.635 Thread 0x0000015324ae0000 Uncommon trap: reason=unstable_if action=reinterpret pc=0x000001530e47e86c method=java.util.regex.Pattern$Branch.match(Ljava/util/regex/Matcher;ILjava/lang/CharSequence;)Z @ 19
Event: 9.635 Thread 0x0000015324ae0000 Uncommon trap: reason=class_check action=maybe_recompile pc=0x000001530e3b8ec8 method=java.util.regex.Pattern$Curly.match0(Ljava/util/regex/Matcher;IILjava/lang/CharSequence;)Z @ 31
Event: 9.635 Thread 0x0000015324ae0000 Uncommon trap: reason=bimorphic action=maybe_recompile pc=0x000001530e43e048 method=java.util.regex.Pattern$BmpCharProperty.match(Ljava/util/regex/Matcher;ILjava/lang/CharSequence;)Z @ 16
Event: 9.635 Thread 0x0000015324ae0000 Uncommon trap: reason=bimorphic action=maybe_recompile pc=0x000001530e43e048 method=java.util.regex.Pattern$BmpCharProperty.match(Ljava/util/regex/Matcher;ILjava/lang/CharSequence;)Z @ 16
Event: 11.378 Thread 0x0000015324ae0000 Uncommon trap: reason=class_check action=maybe_recompile pc=0x000001530e45107c method=java.util.Hashtable.put(Ljava/lang/Object;Ljava/lang/Object;)Ljava/lang/Object; @ 60
Event: 11.378 Thread 0x0000015324ae0000 Uncommon trap: reason=class_check action=maybe_recompile pc=0x000001530e45107c method=java.util.Hashtable.put(Ljava/lang/Object;Ljava/lang/Object;)Ljava/lang/Object; @ 60
Event: 11.378 Thread 0x0000015324ae0000 Uncommon trap: reason=class_check action=maybe_recompile pc=0x000001530e45107c method=java.util.Hashtable.put(Ljava/lang/Object;Ljava/lang/Object;)Ljava/lang/Object; @ 60
Event: 11.378 Thread 0x0000015324ae0000 Uncommon trap: reason=class_check action=maybe_recompile pc=0x000001530e45107c method=java.util.Hashtable.put(Ljava/lang/Object;Ljava/lang/Object;)Ljava/lang/Object; @ 60
Event: 11.416 Thread 0x0000015324ae0000 Uncommon trap: reason=unstable_if action=reinterpret pc=0x000001530e0f5fd4 method=java.util.HashMap.resize()[Ljava/util/HashMap$Node; @ 206
Event: 23.780 Thread 0x0000015324ae0000 Uncommon trap: reason=unstable_if action=reinterpret pc=0x000001530e2f7bf0 method=java.util.Properties$LineReader.readLine()I @ 105

Classes redefined (0 events):
No events

Internal exceptions (10 events):
Event: 0.192 Thread 0x000001530c371800 Exception <a 'java/lang/ClassNotFoundException': TreeCell> (0x00000000d6518cd0) thrown at [C:\jenkins\workspace\8-2-build-windows-amd64-cygwin\jdk8u271\605\hotspot\src\share\vm\classfile\systemDictionary.cpp, line 212]
Event: 0.192 Thread 0x000001530c371800 Exception <a 'java/lang/ClassNotFoundException': RootPane> (0x00000000d6519730) thrown at [C:\jenkins\workspace\8-2-build-windows-amd64-cygwin\jdk8u271\605\hotspot\src\share\vm\classfile\systemDictionary.cpp, line 212]
Event: 8.585 Thread 0x0000015324ae0000 Implicit null exception at 0x000001530e0ce37b to 0x000001530e0ce3f1
Event: 8.623 Thread 0x0000015324ae0000 Implicit null exception at 0x000001530e0cdff0 to 0x000001530e0ce05d
Event: 8.688 Thread 0x0000015324ae0000 Exception <a 'java/lang/NullPointerException'> (0x00000000d7e48870) thrown at [C:\jenkins\workspace\8-2-build-windows-amd64-cygwin\jdk8u271\605\hotspot\src\share\vm\interpreter\linkResolver.cpp, line 1185]
Event: 8.688 Thread 0x0000015324ae0000 Exception <a 'java/lang/reflect/InvocationTargetException'> (0x00000000d7e4c2a8) thrown at [C:\jenkins\workspace\8-2-build-windows-amd64-cygwin\jdk8u271\605\hotspot\src\share\vm\runtime\reflection.cpp, line 1092]
Event: 16.470 Thread 0x000001532ca72000 Exception <a 'org/opencv/core/CvException': cv::Exception: OpenCV(4.5.1) C:\build\master_winpack-bindings-win64-vc14-static\opencv\modules\core\src\matrix.cpp:769: error: (-215:Assertion failed) 0 <= _rowRange.start && _rowRange.start <= _rowRange.end && 
Event: 16.648 Thread 0x000001532ca72000 Exception <a 'org/opencv/core/CvException': cv::Exception: OpenCV(4.5.1) C:\build\master_winpack-bindings-win64-vc14-static\opencv\modules\core\src\matrix.cpp:778: error: (-215:Assertion failed) 0 <= _colRange.start && _colRange.start <= _colRange.end && 
Event: 17.914 Thread 0x000001532ca72000 Exception <a 'org/opencv/core/CvException': cv::Exception: OpenCV(4.5.1) C:\build\master_winpack-bindings-win64-vc14-static\opencv\modules\core\src\matrix.cpp:769: error: (-215:Assertion failed) 0 <= _rowRange.start && _rowRange.start <= _rowRange.end && 
Event: 23.780 Thread 0x0000015324ae0000 Implicit null exception at 0x000001530e2f7397 to 0x000001530e2f7bbd

Events (10 events):
Event: 26.736 Thread 0x0000015323081000 flushing nmethod 0x000001530e040150
Event: 26.736 Thread 0x0000015323081000 flushing nmethod 0x000001530e041150
Event: 26.736 Thread 0x0000015323081000 flushing nmethod 0x000001530e064f10
Event: 26.736 Thread 0x0000015323081000 flushing nmethod 0x000001530e066710
Event: 26.736 Thread 0x0000015323081000 flushing nmethod 0x000001530e06be10
Event: 26.736 Thread 0x0000015323081000 flushing nmethod 0x000001530e089ad0
Event: 26.736 Thread 0x0000015323081000 flushing nmethod 0x000001530e090e50
Event: 26.736 Thread 0x0000015323081000 flushing nmethod 0x000001530e093310
Event: 26.736 Thread 0x0000015323081000 flushing nmethod 0x000001530e094210
Event: 26.736 Thread 0x0000015323081000 flushing nmethod 0x000001530e094510


Dynamic libraries:
0x00007ff63f5a0000 - 0x00007ff63f5e7000 	C:\Program Files\Java\jdk1.8.0_271\jre\bin\java.exe
0x00007ffae8fd0000 - 0x00007ffae91c6000 	C:\Windows\SYSTEM32\ntdll.dll
0x00007ffae7f60000 - 0x00007ffae801d000 	C:\Windows\System32\KERNEL32.DLL
0x00007ffae6970000 - 0x00007ffae6c39000 	C:\Windows\System32\KERNELBASE.dll
0x00007ffae8d50000 - 0x00007ffae8dfc000 	C:\Windows\System32\ADVAPI32.dll
0x00007ffae8220000 - 0x00007ffae82be000 	C:\Windows\System32\msvcrt.dll
0x00007ffae7400000 - 0x00007ffae749c000 	C:\Windows\System32\sechost.dll
0x00007ffae74a0000 - 0x00007ffae75cb000 	C:\Windows\System32\RPCRT4.dll
0x00007ffae75d0000 - 0x00007ffae7770000 	C:\Windows\System32\USER32.dll
0x00007ffae6e70000 - 0x00007ffae6e92000 	C:\Windows\System32\win32u.dll
0x00007ffae8e00000 - 0x00007ffae8e2a000 	C:\Windows\System32\GDI32.dll
0x00007ffae6710000 - 0x00007ffae6819000 	C:\Windows\System32\gdi32full.dll
0x00007ffae6820000 - 0x00007ffae68bd000 	C:\Windows\System32\msvcp_win.dll
0x00007ffae6cf0000 - 0x00007ffae6df0000 	C:\Windows\System32\ucrtbase.dll
0x00007ffad1ce0000 - 0x00007ffad1f7b000 	C:\Windows\WinSxS\amd64_microsoft.windows.common-controls_6595b64144ccf1df_6.0.19041.488_none_ca04af081b815d21\COMCTL32.dll
0x00007ffae8b80000 - 0x00007ffae8bb0000 	C:\Windows\System32\IMM32.DLL
0x00007ffade820000 - 0x00007ffade835000 	C:\Program Files\Java\jdk1.8.0_271\jre\bin\vcruntime140.dll
0x00007ffacaa20000 - 0x00007ffacaabb000 	C:\Program Files\Java\jdk1.8.0_271\jre\bin\msvcp140.dll
0x000000005ea30000 - 0x000000005f29f000 	C:\Program Files\Java\jdk1.8.0_271\jre\bin\server\jvm.dll
0x00007ffae7c60000 - 0x00007ffae7c68000 	C:\Windows\System32\PSAPI.DLL
0x00007ffad5900000 - 0x00007ffad5927000 	C:\Windows\SYSTEM32\WINMM.dll
0x00007ffadfb10000 - 0x00007ffadfb1a000 	C:\Windows\SYSTEM32\VERSION.dll
0x00007ffad1900000 - 0x00007ffad1909000 	C:\Windows\SYSTEM32\WSOCK32.dll
0x00007ffae8bb0000 - 0x00007ffae8c1b000 	C:\Windows\System32\WS2_32.dll
0x00007ffae4ff0000 - 0x00007ffae5002000 	C:\Windows\SYSTEM32\kernel.appcore.dll
0x00007ffade880000 - 0x00007ffade890000 	C:\Program Files\Java\jdk1.8.0_271\jre\bin\verify.dll
0x00007ffada0d0000 - 0x00007ffada0fb000 	C:\Program Files\Java\jdk1.8.0_271\jre\bin\java.dll
0x00007ffad9f30000 - 0x00007ffad9f48000 	C:\Program Files\Java\jdk1.8.0_271\jre\bin\zip.dll
0x00007ffae82c0000 - 0x00007ffae8a02000 	C:\Windows\System32\SHELL32.dll
0x00007ffae4840000 - 0x00007ffae4fd5000 	C:\Windows\SYSTEM32\windows.storage.dll
0x00007ffae7040000 - 0x00007ffae7396000 	C:\Windows\System32\combase.dll
0x00007ffae6180000 - 0x00007ffae61ac000 	C:\Windows\SYSTEM32\Wldp.dll
0x00007ffae8ee0000 - 0x00007ffae8f8e000 	C:\Windows\System32\SHCORE.dll
0x00007ffae73a0000 - 0x00007ffae73f5000 	C:\Windows\System32\shlwapi.dll
0x00007ffae6640000 - 0x00007ffae6666000 	C:\Windows\SYSTEM32\profapi.dll
0x00007ffa9e410000 - 0x00007ffa9e5a4000 	C:\Program Files\Java\jdk1.8.0_271\jre\bin\awt.dll
0x00007ffae8150000 - 0x00007ffae821d000 	C:\Windows\System32\OLEAUT32.dll
0x00007ffae3ba0000 - 0x00007ffae3c30000 	C:\Windows\SYSTEM32\apphelp.dll
0x00007ffae3c90000 - 0x00007ffae3d2e000 	C:\Windows\system32\uxtheme.dll
0x00007ffae8c30000 - 0x00007ffae8d46000 	C:\Windows\System32\MSCTF.dll
0x00007ffae8020000 - 0x00007ffae814a000 	C:\Windows\System32\ole32.dll
0x00007ffae6df0000 - 0x00007ffae6e70000 	C:\Windows\System32\bcryptPrimitives.dll
0x00007ffae3fd0000 - 0x00007ffae3fff000 	C:\Windows\system32\DWMAPI.DLL
0x00007ffabc160000 - 0x00007ffabc1a9000 	C:\Program Files\Java\jdk1.8.0_271\jre\bin\fontmanager.dll
0x00007ffac39e0000 - 0x00007ffac3b05000 	C:\Windows\system32\opengl32.dll
0x00007ffad6990000 - 0x00007ffad69bc000 	C:\Windows\SYSTEM32\GLU32.dll
0x00007ffadf240000 - 0x00007ffadf40f000 	C:\Windows\system32\d3d9.dll
0x00007ffaa2ba0000 - 0x00007ffaa2d03000 	C:\Windows\System32\DriverStore\FileRepository\iigd_dch.inf_amd64_657d56a89b3d77d6\igdumdim64.dll
0x00007ffa57b00000 - 0x00007ffa5b542000 	C:\Windows\System32\DriverStore\FileRepository\iigd_dch.inf_amd64_657d56a89b3d77d6\igd9dxva64.dll
0x00007ffae7790000 - 0x00007ffae7bf7000 	C:\Windows\System32\SETUPAPI.dll
0x00007ffae68c0000 - 0x00007ffae690e000 	C:\Windows\System32\cfgmgr32.dll
0x00007ffae7000000 - 0x00007ffae7027000 	C:\Windows\System32\bcrypt.dll
0x00007ffad99e0000 - 0x00007ffad9c1f000 	C:\Windows\System32\DriverStore\FileRepository\iigd_dch.inf_amd64_657d56a89b3d77d6\igdgmm64.dll
0x00007ffae0480000 - 0x00007ffae0582000 	C:\Windows\System32\DriverStore\FileRepository\nvlt.inf_amd64_f186e0981f046e99\nvldumdx.dll
0x00007ffae6ea0000 - 0x00007ffae6ffd000 	C:\Windows\System32\crypt32.dll
0x00007ffade0a0000 - 0x00007ffade0d1000 	C:\Windows\SYSTEM32\cryptnet.dll
0x00007ffae60d0000 - 0x00007ffae60dc000 	C:\Windows\SYSTEM32\cryptbase.dll
0x00007ffae6910000 - 0x00007ffae6970000 	C:\Windows\System32\WINTRUST.DLL
0x00007ffae6300000 - 0x00007ffae6312000 	C:\Windows\SYSTEM32\MSASN1.dll
0x00007ffae7770000 - 0x00007ffae778d000 	C:\Windows\System32\imagehlp.dll
0x00007ffae60e0000 - 0x00007ffae60f8000 	C:\Windows\SYSTEM32\CRYPTSP.dll
0x00007ffae5820000 - 0x00007ffae5854000 	C:\Windows\system32\rsaenh.dll
0x00007ffa82b20000 - 0x00007ffa842c2000 	C:\Windows\System32\DriverStore\FileRepository\nvlt.inf_amd64_f186e0981f046e99\nvd3dumx.dll
0x00007ffae5d10000 - 0x00007ffae5d5b000 	C:\Windows\SYSTEM32\powrprof.dll
0x00007ffae5b80000 - 0x00007ffae5b92000 	C:\Windows\SYSTEM32\UMPDC.dll
0x00007ffa966d0000 - 0x00007ffa96987000 	C:\Windows\system32\nvspcap64.dll
0x00007ffae5450000 - 0x00007ffae5483000 	C:\Windows\SYSTEM32\ntmarta.dll
0x00007ffae5010000 - 0x00007ffae5033000 	C:\Windows\SYSTEM32\gpapi.dll
0x00007ffadc0a0000 - 0x00007ffadc0db000 	C:\Windows\SYSTEM32\dxcore.dll
0x00007ffae8e30000 - 0x00007ffae8ed9000 	C:\Windows\System32\clbcatq.dll
0x00007ffade500000 - 0x00007ffade6b4000 	C:\Windows\SYSTEM32\WindowsCodecs.dll
0x00007ffaca910000 - 0x00007ffaca94e000 	C:\Windows\system32\dataexchange.dll
0x00007ffae22b0000 - 0x00007ffae2514000 	C:\Windows\system32\d3d11.dll
0x00007ffae30a0000 - 0x00007ffae3287000 	C:\Windows\system32\dcomp.dll
0x00007ffae5060000 - 0x00007ffae5153000 	C:\Windows\system32\dxgi.dll
0x00007ffadef10000 - 0x00007ffadf118000 	C:\Windows\system32\twinapi.appcore.dll
0x00007ffad9da0000 - 0x00007ffad9dbc000 	C:\Program Files\Java\jdk1.8.0_271\jre\bin\net.dll
0x00007ffae5f00000 - 0x00007ffae5f6a000 	C:\Windows\system32\mswsock.dll
0x00007ffad6770000 - 0x00007ffad6783000 	C:\Program Files\Java\jdk1.8.0_271\jre\bin\nio.dll
0x00007ffab8350000 - 0x00007ffab8393000 	C:\Program Files\Java\jdk1.8.0_271\jre\bin\t2k.dll
0x00007ffabe320000 - 0x00007ffabe41d000 	C:\Windows\SYSTEM32\textinputframework.dll
0x00007ffae3970000 - 0x00007ffae3a62000 	C:\Windows\System32\CoreMessaging.dll
0x00007ffae3610000 - 0x00007ffae396e000 	C:\Windows\System32\CoreUIComponents.dll
0x00007ffae2f40000 - 0x00007ffae3096000 	C:\Windows\SYSTEM32\wintypes.dll
0x00007ffaca000000 - 0x00007ffaca02a000 	C:\Program Files\Java\jdk1.8.0_271\jre\bin\dcpr.dll
0x00007ffae5bf0000 - 0x00007ffae5cbb000 	C:\Windows\SYSTEM32\DNSAPI.dll
0x00007ffae5ba0000 - 0x00007ffae5bdb000 	C:\Windows\SYSTEM32\IPHLPAPI.DLL
0x00007ffae8c20000 - 0x00007ffae8c28000 	C:\Windows\System32\NSI.dll
0x00007ffad5370000 - 0x00007ffad537a000 	C:\Windows\System32\rasadhlp.dll
0x00007ffad54b0000 - 0x00007ffad552f000 	C:\Windows\System32\fwpuclnt.dll
0x00007ffadfd70000 - 0x00007ffadfd94000 	C:\Program Files\Java\jdk1.8.0_271\jre\bin\sunec.dll
0x00007ffade140000 - 0x00007ffade157000 	C:\Windows\SYSTEM32\dhcpcsvc6.DLL
0x00007ffadf4e0000 - 0x00007ffadf4fd000 	C:\Windows\SYSTEM32\dhcpcsvc.DLL
0x00007ffae6600000 - 0x00007ffae662e000 	C:\Windows\SYSTEM32\USERENV.dll
0x00007ffae1570000 - 0x00007ffae157d000 	C:\Program Files\Java\jdk1.8.0_271\jre\bin\sunmscapi.dll
0x00007ffae61f0000 - 0x00007ffae6217000 	C:\Windows\SYSTEM32\ncrypt.dll
0x00007ffae61b0000 - 0x00007ffae61eb000 	C:\Windows\SYSTEM32\NTASN1.dll
0x00007ffa7d1e0000 - 0x00007ffa80226000 	D:\Kuliah\opencv\opencv\build\java\x64\opencv_java451.dll
0x00007ffaceac0000 - 0x00007ffacec7b000 	C:\Windows\SYSTEM32\MFPlat.DLL
0x00007ffad5fc0000 - 0x00007ffad6044000 	C:\Windows\SYSTEM32\MF.dll
0x00007ffaa4960000 - 0x00007ffaa4a6a000 	C:\Windows\SYSTEM32\MFReadWrite.dll
0x00007ffa8f520000 - 0x00007ffa8f9ae000 	C:\Windows\SYSTEM32\MFCORE.DLL
0x00007ffad6da0000 - 0x00007ffad6da9000 	C:\Windows\SYSTEM32\ksuser.dll
0x00007ffad9c30000 - 0x00007ffad9c60000 	C:\Windows\SYSTEM32\RTWorkQ.DLL
0x00007ffadfb30000 - 0x00007ffadfb66000 	C:\Windows\SYSTEM32\CompPkgSup.DLL
0x00007ffaba840000 - 0x00007ffabaf66000 	C:\Windows\System32\Windows.Media.dll
0x00007ffab6180000 - 0x00007ffab61eb000 	C:\Windows\System32\FrameServerClient.dll
0x00007ffaabcb0000 - 0x00007ffaabd17000 	C:\Windows\System32\MFSENSORGROUP.dll
0x00007ffade260000 - 0x00007ffade347000 	C:\Windows\System32\Windows.ApplicationModel.dll
0x00007ffadfd30000 - 0x00007ffadfd3a000 	C:\Windows\SYSTEM32\AVRT.dll
0x00007ffae01b0000 - 0x00007ffae02ab000 	C:\Windows\System32\AppXDeploymentClient.dll
0x00007ffada130000 - 0x00007ffada13d000 	C:\Windows\System32\vidcap.ax
0x00007ffad5960000 - 0x00007ffad5987000 	C:\Windows\System32\kswdmcap.ax
0x00007ffa96560000 - 0x00007ffa966cc000 	C:\Windows\System32\MFC42.dll
0x00007ffacad20000 - 0x00007ffacae66000 	C:\Windows\System32\Windows.StateRepositoryPS.dll
0x00007ffa9ea00000 - 0x00007ffa9eaba000 	C:\Windows\System32\DriverStore\FileRepository\nvlt.inf_amd64_f186e0981f046e99\nvDecMFTMjpegx.dll
0x00007ffa8ecf0000 - 0x00007ffa8efe9000 	C:\Windows\System32\DriverStore\FileRepository\iigd_dch.inf_amd64_657d56a89b3d77d6\mfx_mft_mjpgvd_64.dll
0x00007ffae1de0000 - 0x00007ffae1ed7000 	C:\Windows\SYSTEM32\PROPSYS.dll
0x00007ffada110000 - 0x00007ffada12d000 	C:\Windows\System32\mfmjpegdec.dll
0x00007ffabd900000 - 0x00007ffabda2d000 	C:\Windows\System32\mfperfhelper.dll
0x00007ffabd7a0000 - 0x00007ffabd900000 	C:\Windows\System32\msvproc.dll
0x00007ffaa3b40000 - 0x00007ffaa3bbd000 	C:\Windows\SYSTEM32\OpenCL.dll
0x00007ffa8e500000 - 0x00007ffa8ea3e000 	C:\Windows\System32\DriverStore\FileRepository\iigd_dch.inf_amd64_657d56a89b3d77d6\igdrcl64.dll
0x00007ffa9b290000 - 0x00007ffa9b383000 	C:\Windows\System32\DriverStore\FileRepository\iigd_dch.inf_amd64_657d56a89b3d77d6\igdfcl64.dll
0x00007ffad6e10000 - 0x00007ffad99d9000 	C:\Windows\System32\DriverStore\FileRepository\iigd_dch.inf_amd64_657d56a89b3d77d6\igc64.dll
0x00007ffa55900000 - 0x00007ffa57afe000 	C:\Windows\System32\DriverStore\FileRepository\nvlt.inf_amd64_f186e0981f046e99\nvopencl64.dll
0x00007ffad04c0000 - 0x00007ffad0a14000 	C:\Windows\SYSTEM32\nvapi64.dll
0x000000005e770000 - 0x000000005e841000 	C:\Users\neet\AppData\Local\Temp\javacpp214252315679600\msvcr100.dll

VM Arguments:
jvm_args: -Dfile.encoding=UTF-8 -Djava.library.path=D:\Kuliah\opencv\opencv\build\java\x64 
java_command: presensi.karyawan.Login
java_class_path (initial): C:\Program Files (x86)\NetBeans 8.2\ide\modules\ext\mysql-connector-java-5.1.23-bin.jar;C:\Users\neet\Documents\NetBeansProjects\PresensiKaryawan\mysql-connector-java-8.0.19.jar;D:\Kuliah\JCalender\jcalendar-1.3.2.jar;D:\Kuliah\opencv\opencv\build\java\opencv-451.jar;D:\Kuliah\opencv2\opencv\build\java\opencv-3413.jar;D:\Kuliah\javacv-bin\javacpp.jar;D:\Kuliah\javacv-bin\javacv-android-arm.jar;D:\Kuliah\javacv-bin\javacv-linux-x86.jar;D:\Kuliah\javacv-bin\javacv-linux-x86_64.jar;D:\Kuliah\javacv-bin\javacv-macosx-x86_64.jar;D:\Kuliah\javacv-bin\javacv-windows-x86.jar;D:\Kuliah\javacv-bin\javacv-windows-x86_64.jar;D:\Kuliah\javacv-bin\javacv.jar;D:\Kuliah\javacv-cppjars\ffmpeg-20130915-git-7ac6c63-windows-x86.jar;D:\Kuliah\javacv-cppjars\ffmpeg-20130915-git-7ac6c63-windows-x86_64.jar;D:\Kuliah\javacv-cppjars\opencv-2.4.6.0-windows-x86.jar;D:\Kuliah\javacv-cppjars\opencv-2.4.6.0-windows-x86_64.jar;D:\Kuliah\newJavaCv\artoolkitplus-2.3.1-1.0.jar;D:\Kuliah\newJavaCv\ffmpeg-2.7.1-1.0.jar;D:\Kuliah\newJavaCv\flandmark-1.07-1.0.jar;D:\Kuliah\newJavaCv\flycapture-2.7.3.19-1.0.jar;D:\Kuliah\newJavaCv\javacpp-1.0.jar;D:\Kuliah\newJavaCv\javacv-1.0.jar;D:\Kuliah\newJavaCv\libdc1394-2.2.3-1.0.jar;D:\Kuliah\newJavaCv\libfreenect-0.5.2-1.0.jar;D:\Kuliah\newJavaCv\opencv-3.0.0-1.0.jar;D:\Kuliah\newJavaCv\videoinput-0.200-1.0.jar;C:\Users\neet\Documents\NetBeansProjects\PresensiKaryawan\build\classes
Launcher Type: SUN_STANDARD

Environment Variables:
PATH=C:\Program Files (x86)\Common Files\Oracle\Java\javapath;C:\Windows\system32;C:\Windows;C:\Windows\System32\Wbem;C:\Windows\System32\WindowsPowerShell\v1.0\;C:\Windows\System32\OpenSSH\;C:\Program Files (x86)\NVIDIA Corporation\PhysX\Common;C:\Program Files\NVIDIA Corporation\NVIDIA NvDLISR;C:\Program Files\Git\cmd;C:\Program Files\PuTTY\;D:\Kuliah\opencv\opencv\build\x64\vc15\bin;C:\Users\neet\AppData\Local\Microsoft\WindowsApps;;C:\Users\neet\AppData\Local\Programs\Microsoft VS Code\bin
USERNAME=neet
OS=Windows_NT
PROCESSOR_IDENTIFIER=Intel64 Family 6 Model 165 Stepping 2, GenuineIntel



---------------  S Y S T E M  ---------------

OS: Windows 10.0 , 64 bit Build 19041 (10.0.19041.662)

CPU:total 8 (initial active 8) (4 cores per cpu, 2 threads per core) family 6 model 165 stepping 2, cmov, cx8, fxsr, mmx, sse, sse2, sse3, ssse3, sse4.1, sse4.2, popcnt, avx, avx2, aes, clmul, erms, 3dnowpref, lzcnt, ht, tsc, tscinvbit, bmi1, bmi2, adx

Memory: 4k page, physical 8253684k(1034140k free), swap 18215156k(6371404k free)

vm_info: Java HotSpot(TM) 64-Bit Server VM (25.271-b09) for windows-amd64 JRE (1.8.0_271-b09), built on Sep 16 2020 19:14:59 by "" with MS VC++ 15.9 (VS2017)

time: Sun Jan  3 20:35:18 2021
timezone: SE Asia Standard Time
elapsed time: 26.801860 seconds (0d 0h 0m 26s)

