#
# A fatal error has been detected by the Java Runtime Environment:
#
#  EXCEPTION_ACCESS_VIOLATION (0xc0000005) at pc=0x00007ffa8e2e3cb3, pid=24568, tid=0x0000000000005f78
#
# JRE version: Java(TM) SE Runtime Environment (8.0_271-b09) (build 1.8.0_271-b09)
# Java VM: Java HotSpot(TM) 64-Bit Server VM (25.271-b09 mixed mode windows-amd64 compressed oops)
# Problematic frame:
# C  0x00007ffa8e2e3cb3
#
# Failed to write core dump. Minidumps are not enabled by default on client versions of Windows
#
# If you would like to submit a bug report, please visit:
#   http://bugreport.java.com/bugreport/crash.jsp
# The crash happened outside the Java Virtual Machine in native code.
# See problematic frame for where to report the bug.
#

---------------  T H R E A D  ---------------

Current thread (0x0000019220a1f800):  JavaThread "AWT-EventQueue-0" [_thread_in_native, id=24440, stack(0x0000008f58500000,0x0000008f58600000)]

siginfo: ExceptionCode=0xc0000005, reading address 0x00000192214a8001

Registers:
RAX=0x000000000000f80c, RBX=0x000000000007c080, RCX=0x00000000000007f0, RDX=0x00000192347b7fe0
RSP=0x0000008f585fb310, RBP=0x0000008f585fb460, RSI=0x0000008f585fb840, RDI=0x000000000000f810
R8 =0x00000000000007f0, R9 =0x00000192214a7813, R10=0x0000008f585fb390, R11=0x00000192347b4050
R12=0x0000008f585fb720, R13=0x00007ffa8e2e6190, R14=0x0000000000000000, R15=0x0000000000000006
RIP=0x00007ffa8e2e3cb3, EFLAGS=0x0000000000010297

Top of Stack: (sp=0x0000008f585fb310)
0x0000008f585fb310:   0000000000000001 00007ffa8e2e61c1
0x0000008f585fb320:   0000000000000006 00007ffa8e2e6190
0x0000008f585fb330:   0000008f585fb720 0000000000000001
0x0000008f585fb340:   0000008f585fb390 0000000000000006
0x0000008f585fb350:   0000008f585fb460 00007ffa8e2e9cbf
0x0000008f585fb360:   0000000000000006 0000008f585fb573
0x0000008f585fb370:   0000000000000005 0000000000000001
0x0000008f585fb380:   00000192347b4050 000000000007c080
0x0000008f585fb390:   000000000000f810 0000008f585fb3a8
0x0000008f585fb3a0:   000000010000f810 3ff0000000000000
0x0000008f585fb3b0:   0000000000000000 000000005f0125f6
0x0000008f585fb3c0:   0000019221598ae0 fffffffffffffffe
0x0000008f585fb3d0:   0000000242ffc006 0000f81000000001
0x0000008f585fb3e0:   00000192347b4050 0000019234e7c750
0x0000008f585fb3f0:   00000192347b4050 0000019234e7c750
0x0000008f585fb400:   0000019234e7c750 0000000000000000 

Instructions: (pc=0x00007ffa8e2e3cb3)
0x00007ffa8e2e3c93:   1c cd 00 00 00 00 4c 8d 49 03 0f 1f 00 41 ff 4a
0x00007ffa8e2e3ca3:   04 33 c9 45 33 c0 41 83 3a 04 78 65 49 8d 53 10
0x00007ffa8e2e3cb3:   43 0f b6 44 01 fe 83 c1 04 49 83 c0 04 48 83 c2
0x00007ffa8e2e3cc3:   20 66 0f 6e c8 43 0f b6 44 01 f9 f3 0f e6 c9 66 


Register to memory mapping:

RAX=0x000000000000f80c is an unknown value
RBX=0x000000000007c080 is an unknown value
RCX=0x00000000000007f0 is an unknown value
RDX=0x00000192347b7fe0 is an unknown value
RSP=0x0000008f585fb310 is pointing into the stack for thread: 0x0000019220a1f800
RBP=0x0000008f585fb460 is pointing into the stack for thread: 0x0000019220a1f800
RSI=0x0000008f585fb840 is pointing into the stack for thread: 0x0000019220a1f800
RDI=0x000000000000f810 is an unknown value
R8 =0x00000000000007f0 is an unknown value
R9 =0x00000192214a7813 is an unknown value
R10=0x0000008f585fb390 is pointing into the stack for thread: 0x0000019220a1f800
R11=0x00000192347b4050 is an unknown value
R12=0x0000008f585fb720 is pointing into the stack for thread: 0x0000019220a1f800
R13=0x00007ffa8e2e6190 is an unknown value
R14=0x0000000000000000 is an unknown value
R15=0x0000000000000006 is an unknown value


Stack: [0x0000008f58500000,0x0000008f58600000],  sp=0x0000008f585fb310,  free space=1004k
Native frames: (J=compiled Java code, j=interpreted, Vv=VM code, C=native code)
C  0x00007ffa8e2e3cb3
C  0x00007ffa8e2e61c1
C  0x00007ffa8e2e9cbf
C  0x00007ffa8f40a608
C  0x00007ffa8f410728
C  0x00007ffaac4c30ef
C  0x0000019209d69f4e

Java frames: (J=compiled Java code, j=interpreted, Vv=VM code)
j  com.googlecode.javacv.cpp.opencv_contrib$FaceRecognizer.train(Lcom/googlecode/javacv/cpp/opencv_core$MatVector;[I)V+0
j  presensi.karyawan.dao.PresensiDAO.recognizer(Ljava/lang/String;Ljava/lang/String;)Ljava/lang/String;+254
j  presensi.karyawan.Presence.presensiAct(Ljava/lang/String;)V+272
j  presensi.karyawan.Presence.masukBtn1ActionPerformed(Ljava/awt/event/ActionEvent;)V+3
j  presensi.karyawan.Presence.access$200(Lpresensi/karyawan/Presence;Ljava/awt/event/ActionEvent;)V+2
j  presensi.karyawan.Presence$3.actionPerformed(Ljava/awt/event/ActionEvent;)V+5
j  javax.swing.AbstractButton.fireActionPerformed(Ljava/awt/event/ActionEvent;)V+83
j  javax.swing.AbstractButton$Handler.actionPerformed(Ljava/awt/event/ActionEvent;)V+5
j  javax.swing.DefaultButtonModel.fireActionPerformed(Ljava/awt/event/ActionEvent;)V+34
j  javax.swing.DefaultButtonModel.setPressed(Z)V+117
j  javax.swing.plaf.basic.BasicButtonListener.mouseReleased(Ljava/awt/event/MouseEvent;)V+35
j  java.awt.Component.processMouseEvent(Ljava/awt/event/MouseEvent;)V+64
j  javax.swing.JComponent.processMouseEvent(Ljava/awt/event/MouseEvent;)V+23
J 2560 C1 java.awt.Component.processEvent(Ljava/awt/AWTEvent;)V (220 bytes) @ 0x000001920a577e24 [0x000001920a577900+0x524]
j  java.awt.Container.processEvent(Ljava/awt/AWTEvent;)V+18
J 2367 C1 java.awt.Component.dispatchEventImpl(Ljava/awt/AWTEvent;)V (921 bytes) @ 0x000001920a4b4864 [0x000001920a4af380+0x54e4]
J 1214 C1 java.awt.Container.dispatchEventImpl(Ljava/awt/AWTEvent;)V (129 bytes) @ 0x000001920a14e404 [0x000001920a14e2c0+0x144]
J 1213 C1 java.awt.Component.dispatchEvent(Ljava/awt/AWTEvent;)V (6 bytes) @ 0x000001920a14f404 [0x000001920a14f300+0x104]
j  java.awt.LightweightDispatcher.retargetMouseEvent(Ljava/awt/Component;ILjava/awt/event/MouseEvent;)V+349
J 2432 C1 java.awt.LightweightDispatcher.processMouseEvent(Ljava/awt/event/MouseEvent;)Z (286 bytes) @ 0x000001920a4f732c [0x000001920a4f5c00+0x172c]
J 2379 C1 java.awt.LightweightDispatcher.dispatchEvent(Ljava/awt/AWTEvent;)Z (73 bytes) @ 0x000001920a4c2b7c [0x000001920a4c2740+0x43c]
J 1214 C1 java.awt.Container.dispatchEventImpl(Ljava/awt/AWTEvent;)V (129 bytes) @ 0x000001920a14e3a4 [0x000001920a14e2c0+0xe4]
J 2363 C1 java.awt.Window.dispatchEventImpl(Ljava/awt/AWTEvent;)V (23 bytes) @ 0x000001920a4a9be4 [0x000001920a4a9600+0x5e4]
J 2324 C1 java.awt.EventQueue.dispatchEventImpl(Ljava/awt/AWTEvent;Ljava/lang/Object;)V (149 bytes) @ 0x000001920a4705fc [0x000001920a46edc0+0x183c]
J 2322 C1 java.awt.EventQueue$3.run()Ljava/lang/Void; (60 bytes) @ 0x000001920a46e1cc [0x000001920a46dfc0+0x20c]
J 2321 C1 java.awt.EventQueue$3.run()Ljava/lang/Object; (5 bytes) @ 0x000001920a46dc4c [0x000001920a46dbc0+0x8c]
v  ~StubRoutines::call_stub
J 1037  java.security.AccessController.doPrivileged(Ljava/security/PrivilegedAction;Ljava/security/AccessControlContext;)Ljava/lang/Object; (0 bytes) @ 0x000001920a0e9fe6 [0x000001920a0e9f80+0x66]
J 2359 C1 java.awt.EventQueue$4.run()Ljava/lang/Object; (5 bytes) @ 0x000001920a4a79ec [0x000001920a4a75c0+0x42c]
v  ~StubRoutines::call_stub
J 1037  java.security.AccessController.doPrivileged(Ljava/security/PrivilegedAction;Ljava/security/AccessControlContext;)Ljava/lang/Object; (0 bytes) @ 0x000001920a0e9fe6 [0x000001920a0e9f80+0x66]
J 1198 C1 java.awt.EventQueue.dispatchEvent(Ljava/awt/AWTEvent;)V (80 bytes) @ 0x000001920a14747c [0x000001920a146600+0xe7c]
J 2325 C1 java.awt.EventDispatchThread.pumpOneEventForFilters(I)V (190 bytes) @ 0x000001920a47548c [0x000001920a474340+0x114c]
j  java.awt.EventDispatchThread.pumpEventsForFilter(ILjava/awt/Conditional;Ljava/awt/EventFilter;)V+35
j  java.awt.EventDispatchThread.pumpEventsForHierarchy(ILjava/awt/Conditional;Ljava/awt/Component;)V+11
j  java.awt.EventDispatchThread.pumpEvents(ILjava/awt/Conditional;)V+4
j  java.awt.EventDispatchThread.pumpEvents(Ljava/awt/Conditional;)V+3
j  java.awt.EventDispatchThread.run()V+9
v  ~StubRoutines::call_stub

---------------  P R O C E S S  ---------------

Java Threads: ( => current thread )
  0x000001922109e000 JavaThread "Abandoned connection cleanup thread" daemon [_thread_blocked, id=23476, stack(0x0000008f58d00000,0x0000008f58e00000)]
  0x000001922058e000 JavaThread "mysql-cj-abandoned-connection-cleanup" daemon [_thread_blocked, id=18976, stack(0x0000008f58c00000,0x0000008f58d00000)]
  0x0000019229583000 JavaThread "TimerQueue" daemon [_thread_blocked, id=23148, stack(0x0000008f58b00000,0x0000008f58c00000)]
  0x00000192083a1800 JavaThread "DestroyJavaVM" [_thread_blocked, id=22176, stack(0x0000008f56e00000,0x0000008f56f00000)]
=>0x0000019220a1f800 JavaThread "AWT-EventQueue-0" [_thread_in_native, id=24440, stack(0x0000008f58500000,0x0000008f58600000)]
  0x00000192209b2000 JavaThread "AWT-Windows" daemon [_thread_in_native, id=22016, stack(0x0000008f58400000,0x0000008f58500000)]
  0x00000192209af800 JavaThread "AWT-Shutdown" [_thread_blocked, id=21332, stack(0x0000008f58300000,0x0000008f58400000)]
  0x00000192209ae800 JavaThread "Java2D Disposer" daemon [_thread_blocked, id=19960, stack(0x0000008f58200000,0x0000008f58300000)]
  0x0000019220390800 JavaThread "Service Thread" daemon [_thread_blocked, id=16716, stack(0x0000008f58000000,0x0000008f58100000)]
  0x000001921efea000 JavaThread "C1 CompilerThread3" daemon [_thread_blocked, id=3948, stack(0x0000008f57f00000,0x0000008f58000000)]
  0x000001921efe1000 JavaThread "C2 CompilerThread2" daemon [_thread_blocked, id=2376, stack(0x0000008f57e00000,0x0000008f57f00000)]
  0x000001921efde000 JavaThread "C2 CompilerThread1" daemon [_thread_blocked, id=19848, stack(0x0000008f57d00000,0x0000008f57e00000)]
  0x000001921efda000 JavaThread "C2 CompilerThread0" daemon [_thread_blocked, id=18920, stack(0x0000008f57c00000,0x0000008f57d00000)]
  0x000001921efd9000 JavaThread "Attach Listener" daemon [_thread_blocked, id=23420, stack(0x0000008f57b00000,0x0000008f57c00000)]
  0x000001921efd8000 JavaThread "Signal Dispatcher" daemon [_thread_blocked, id=11532, stack(0x0000008f57a00000,0x0000008f57b00000)]
  0x000001921efb8000 JavaThread "Finalizer" daemon [_thread_blocked, id=20848, stack(0x0000008f57900000,0x0000008f57a00000)]
  0x000001921efa9000 JavaThread "Reference Handler" daemon [_thread_blocked, id=18532, stack(0x0000008f57800000,0x0000008f57900000)]

Other Threads:
  0x000001921ef83800 VMThread [stack: 0x0000008f57700000,0x0000008f57800000] [id=14844]
  0x000001921eff6800 WatcherThread [stack: 0x0000008f58100000,0x0000008f58200000] [id=14064]

VM state:not at safepoint (normal execution)

VM Mutex/Monitor currently owned by a thread: None

heap address: 0x0000000082000000, size: 2016 MB, Compressed Oops mode: 32-bit
Narrow klass base: 0x0000000000000000, Narrow klass shift: 3
Compressed class space size: 1073741824 Address: 0x0000000100000000

Heap:
 PSYoungGen      total 37888K, used 2210K [0x00000000d6000000, 0x00000000d8a00000, 0x0000000100000000)
  eden space 32768K, 1% used [0x00000000d6000000,0x00000000d609c2b0,0x00000000d8000000)
  from space 5120K, 30% used [0x00000000d8000000,0x00000000d818c7a0,0x00000000d8500000)
  to   space 5120K, 0% used [0x00000000d8500000,0x00000000d8500000,0x00000000d8a00000)
 ParOldGen       total 53248K, used 11970K [0x0000000082000000, 0x0000000085400000, 0x00000000d6000000)
  object space 53248K, 22% used [0x0000000082000000,0x0000000082bb0b28,0x0000000085400000)
 Metaspace       used 26075K, capacity 26426K, committed 26800K, reserved 1073152K
  class space    used 3094K, capacity 3205K, committed 3248K, reserved 1048576K

Card table byte_map: [0x0000019219110000,0x0000019219510000] byte_map_base: 0x0000019218d00000

Marking Bits: (ParMarkBitMap*) 0x000000005f227fe0
 Begin Bits: [0x00000192197b0000, 0x000001921b730000)
 End Bits:   [0x000001921b730000, 0x000001921d6b0000)

Polling page: 0x00000192084b0000

CodeCache: size=245760Kb used=8787Kb max_used=9137Kb free=236972Kb
 bounds [0x0000019209d50000, 0x000001920a650000, 0x0000019218d50000]
 total_blobs=3613 nmethods=2665 adapters=859
 compilation: enabled

Compilation events (10 events):
Event: 25.009 Thread 0x000001921efea000 2777  s    3       com.googlecode.javacpp.Loader::putMemberOffset (43 bytes)
Event: 25.010 Thread 0x000001921efea000 nmethod 2777 0x000001920a642d90 code [0x000001920a642f80, 0x000001920a6439f0]
Event: 25.013 Thread 0x000001921efea000 2778       3       java.util.ArrayList$SubList$1::<init> (47 bytes)
Event: 25.013 Thread 0x000001921efea000 nmethod 2778 0x000001920a63d250 code [0x000001920a63d3c0, 0x000001920a63d5b8]
Event: 25.013 Thread 0x000001921efea000 2779       3       java.lang.Class::annotationData (44 bytes)
Event: 25.013 Thread 0x000001921efea000 nmethod 2779 0x0000019209eebb90 code [0x0000019209eebd20, 0x0000019209eec090]
Event: 25.013 Thread 0x000001921efea000 2780   !   3       com.sun.proxy.$Proxy1::value (29 bytes)
Event: 25.014 Thread 0x000001921efea000 nmethod 2780 0x0000019209f0e950 code [0x0000019209f0eae0, 0x0000019209f0eec0]
Event: 25.014 Thread 0x000001921efea000 2781   !   3       com.sun.proxy.$Proxy1::preloadpath (29 bytes)
Event: 25.014 Thread 0x000001921efea000 nmethod 2781 0x0000019209f60ed0 code [0x0000019209f61060, 0x0000019209f61440]

GC Heap History (10 events):
Event: 7.945 GC heap before
{Heap before GC invocations=3 (full 1):
 PSYoungGen      total 37888K, used 5088K [0x00000000d6000000, 0x00000000d8a00000, 0x0000000100000000)
  eden space 32768K, 0% used [0x00000000d6000000,0x00000000d6000000,0x00000000d8000000)
  from space 5120K, 99% used [0x00000000d8500000,0x00000000d89f8050,0x00000000d8a00000)
  to   space 5120K, 0% used [0x00000000d8000000,0x00000000d8000000,0x00000000d8500000)
 ParOldGen       total 86016K, used 13399K [0x0000000082000000, 0x0000000087400000, 0x00000000d6000000)
  object space 86016K, 15% used [0x0000000082000000,0x0000000082d15e00,0x0000000087400000)
 Metaspace       used 20878K, capacity 21168K, committed 21296K, reserved 1069056K
  class space    used 2471K, capacity 2588K, committed 2608K, reserved 1048576K
Event: 7.972 GC heap after
Heap after GC invocations=3 (full 1):
 PSYoungGen      total 37888K, used 0K [0x00000000d6000000, 0x00000000d8a00000, 0x0000000100000000)
  eden space 32768K, 0% used [0x00000000d6000000,0x00000000d6000000,0x00000000d8000000)
  from space 5120K, 0% used [0x00000000d8500000,0x00000000d8500000,0x00000000d8a00000)
  to   space 5120K, 0% used [0x00000000d8000000,0x00000000d8000000,0x00000000d8500000)
 ParOldGen       total 53248K, used 11294K [0x0000000082000000, 0x0000000085400000, 0x00000000d6000000)
  object space 53248K, 21% used [0x0000000082000000,0x0000000082b07a88,0x0000000085400000)
 Metaspace       used 20878K, capacity 21168K, committed 21296K, reserved 1069056K
  class space    used 2471K, capacity 2588K, committed 2608K, reserved 1048576K
}
Event: 12.537 GC heap before
{Heap before GC invocations=4 (full 1):
 PSYoungGen      total 37888K, used 10109K [0x00000000d6000000, 0x00000000d8a00000, 0x0000000100000000)
  eden space 32768K, 30% used [0x00000000d6000000,0x00000000d69df4b0,0x00000000d8000000)
  from space 5120K, 0% used [0x00000000d8500000,0x00000000d8500000,0x00000000d8a00000)
  to   space 5120K, 0% used [0x00000000d8000000,0x00000000d8000000,0x00000000d8500000)
 ParOldGen       total 53248K, used 11294K [0x0000000082000000, 0x0000000085400000, 0x00000000d6000000)
  object space 53248K, 21% used [0x0000000082000000,0x0000000082b07a88,0x0000000085400000)
 Metaspace       used 23860K, capacity 24244K, committed 24496K, reserved 1071104K
  class space    used 2837K, capacity 2948K, committed 2992K, reserved 1048576K
Event: 12.541 GC heap after
Heap after GC invocations=4 (full 1):
 PSYoungGen      total 37888K, used 4467K [0x00000000d6000000, 0x00000000d8a00000, 0x0000000100000000)
  eden space 32768K, 0% used [0x00000000d6000000,0x00000000d6000000,0x00000000d8000000)
  from space 5120K, 87% used [0x00000000d8000000,0x00000000d845cda0,0x00000000d8500000)
  to   space 5120K, 0% used [0x00000000d8500000,0x00000000d8500000,0x00000000d8a00000)
 ParOldGen       total 53248K, used 16836K [0x0000000082000000, 0x0000000085400000, 0x00000000d6000000)
  object space 53248K, 31% used [0x0000000082000000,0x00000000830710a8,0x0000000085400000)
 Metaspace       used 23860K, capacity 24244K, committed 24496K, reserved 1071104K
  class space    used 2837K, capacity 2948K, committed 2992K, reserved 1048576K
}
Event: 12.541 GC heap before
{Heap before GC invocations=5 (full 2):
 PSYoungGen      total 37888K, used 4467K [0x00000000d6000000, 0x00000000d8a00000, 0x0000000100000000)
  eden space 32768K, 0% used [0x00000000d6000000,0x00000000d6000000,0x00000000d8000000)
  from space 5120K, 87% used [0x00000000d8000000,0x00000000d845cda0,0x00000000d8500000)
  to   space 5120K, 0% used [0x00000000d8500000,0x00000000d8500000,0x00000000d8a00000)
 ParOldGen       total 53248K, used 16836K [0x0000000082000000, 0x0000000085400000, 0x00000000d6000000)
  object space 53248K, 31% used [0x0000000082000000,0x00000000830710a8,0x0000000085400000)
 Metaspace       used 23860K, capacity 24244K, committed 24496K, reserved 1071104K
  class space    used 2837K, capacity 2948K, committed 2992K, reserved 1048576K
Event: 12.576 GC heap after
Heap after GC invocations=5 (full 2):
 PSYoungGen      total 37888K, used 0K [0x00000000d6000000, 0x00000000d8a00000, 0x0000000100000000)
  eden space 32768K, 0% used [0x00000000d6000000,0x00000000d6000000,0x00000000d8000000)
  from space 5120K, 0% used [0x00000000d8000000,0x00000000d8000000,0x00000000d8500000)
  to   space 5120K, 0% used [0x00000000d8500000,0x00000000d8500000,0x00000000d8a00000)
 ParOldGen       total 53248K, used 11954K [0x0000000082000000, 0x0000000085400000, 0x00000000d6000000)
  object space 53248K, 22% used [0x0000000082000000,0x0000000082bacb28,0x0000000085400000)
 Metaspace       used 23860K, capacity 24244K, committed 24496K, reserved 1071104K
  class space    used 2837K, capacity 2948K, committed 2992K, reserved 1048576K
}
Event: 17.849 GC heap before
{Heap before GC invocations=6 (full 2):
 PSYoungGen      total 37888K, used 31963K [0x00000000d6000000, 0x00000000d8a00000, 0x0000000100000000)
  eden space 32768K, 97% used [0x00000000d6000000,0x00000000d7f36de8,0x00000000d8000000)
  from space 5120K, 0% used [0x00000000d8000000,0x00000000d8000000,0x00000000d8500000)
  to   space 5120K, 0% used [0x00000000d8500000,0x00000000d8500000,0x00000000d8a00000)
 ParOldGen       total 53248K, used 11954K [0x0000000082000000, 0x0000000085400000, 0x00000000d6000000)
  object space 53248K, 22% used [0x0000000082000000,0x0000000082bacb28,0x0000000085400000)
 Metaspace       used 24718K, capacity 25044K, committed 25392K, reserved 1071104K
  class space    used 2914K, capacity 3044K, committed 3120K, reserved 1048576K
Event: 17.850 GC heap after
Heap after GC invocations=6 (full 2):
 PSYoungGen      total 37888K, used 4080K [0x00000000d6000000, 0x00000000d8a00000, 0x0000000100000000)
  eden space 32768K, 0% used [0x00000000d6000000,0x00000000d6000000,0x00000000d8000000)
  from space 5120K, 79% used [0x00000000d8500000,0x00000000d88fc078,0x00000000d8a00000)
  to   space 5120K, 0% used [0x00000000d8000000,0x00000000d8000000,0x00000000d8500000)
 ParOldGen       total 53248K, used 11962K [0x0000000082000000, 0x0000000085400000, 0x00000000d6000000)
  object space 53248K, 22% used [0x0000000082000000,0x0000000082baeb28,0x0000000085400000)
 Metaspace       used 24718K, capacity 25044K, committed 25392K, reserved 1071104K
  class space    used 2914K, capacity 3044K, committed 3120K, reserved 1048576K
}
Event: 25.007 GC heap before
{Heap before GC invocations=7 (full 2):
 PSYoungGen      total 37888K, used 36848K [0x00000000d6000000, 0x00000000d8a00000, 0x0000000100000000)
  eden space 32768K, 100% used [0x00000000d6000000,0x00000000d8000000,0x00000000d8000000)
  from space 5120K, 79% used [0x00000000d8500000,0x00000000d88fc078,0x00000000d8a00000)
  to   space 5120K, 0% used [0x00000000d8000000,0x00000000d8000000,0x00000000d8500000)
 ParOldGen       total 53248K, used 11962K [0x0000000082000000, 0x0000000085400000, 0x00000000d6000000)
  object space 53248K, 22% used [0x0000000082000000,0x0000000082baeb28,0x0000000085400000)
 Metaspace       used 25985K, capacity 26298K, committed 26544K, reserved 1073152K
  class space    used 3079K, capacity 3205K, committed 3248K, reserved 1048576K
Event: 25.008 GC heap after
Heap after GC invocations=7 (full 2):
 PSYoungGen      total 37888K, used 1585K [0x00000000d6000000, 0x00000000d8a00000, 0x0000000100000000)
  eden space 32768K, 0% used [0x00000000d6000000,0x00000000d6000000,0x00000000d8000000)
  from space 5120K, 30% used [0x00000000d8000000,0x00000000d818c7a0,0x00000000d8500000)
  to   space 5120K, 0% used [0x00000000d8500000,0x00000000d8500000,0x00000000d8a00000)
 ParOldGen       total 53248K, used 11970K [0x0000000082000000, 0x0000000085400000, 0x00000000d6000000)
  object space 53248K, 22% used [0x0000000082000000,0x0000000082bb0b28,0x0000000085400000)
 Metaspace       used 25985K, capacity 26298K, committed 26544K, reserved 1073152K
  class space    used 3079K, capacity 3205K, committed 3248K, reserved 1048576K
}

Deoptimization events (10 events):
Event: 8.149 Thread 0x0000019220a1f800 Uncommon trap: reason=class_check action=maybe_recompile pc=0x000001920a2fb080 method=java.util.regex.Pattern$Curly.match0(Ljava/util/regex/Matcher;IILjava/lang/CharSequence;)Z @ 31
Event: 8.149 Thread 0x0000019220a1f800 Uncommon trap: reason=bimorphic action=maybe_recompile pc=0x000001920a3843c8 method=java.util.regex.Pattern$BmpCharProperty.match(Ljava/util/regex/Matcher;ILjava/lang/CharSequence;)Z @ 16
Event: 8.149 Thread 0x0000019220a1f800 Uncommon trap: reason=bimorphic action=maybe_recompile pc=0x000001920a3843c8 method=java.util.regex.Pattern$BmpCharProperty.match(Ljava/util/regex/Matcher;ILjava/lang/CharSequence;)Z @ 16
Event: 12.476 Thread 0x0000019220a1f800 Uncommon trap: reason=class_check action=maybe_recompile pc=0x000001920a3d83f4 method=java.util.Hashtable.put(Ljava/lang/Object;Ljava/lang/Object;)Ljava/lang/Object; @ 60
Event: 12.476 Thread 0x0000019220a1f800 Uncommon trap: reason=class_check action=maybe_recompile pc=0x000001920a3d83f4 method=java.util.Hashtable.put(Ljava/lang/Object;Ljava/lang/Object;)Ljava/lang/Object; @ 60
Event: 12.476 Thread 0x0000019220a1f800 Uncommon trap: reason=class_check action=maybe_recompile pc=0x000001920a3d83f4 method=java.util.Hashtable.put(Ljava/lang/Object;Ljava/lang/Object;)Ljava/lang/Object; @ 60
Event: 12.476 Thread 0x0000019220a1f800 Uncommon trap: reason=class_check action=maybe_recompile pc=0x000001920a3d83f4 method=java.util.Hashtable.put(Ljava/lang/Object;Ljava/lang/Object;)Ljava/lang/Object; @ 60
Event: 12.519 Thread 0x0000019220a1f800 Uncommon trap: reason=unstable_if action=reinterpret pc=0x000001920a03b8cc method=java.util.HashMap.resize()[Ljava/util/HashMap$Node; @ 206
Event: 23.970 Thread 0x0000019220a1f800 Uncommon trap: reason=unstable_if action=reinterpret pc=0x000001920a23d9f0 method=java.util.Properties$LineReader.readLine()I @ 105
Event: 23.970 Thread 0x0000019220a1f800 Uncommon trap: reason=unstable_if action=reinterpret pc=0x000001920a1fc74c method=java.util.Properties$LineReader.readLine()I @ 105

Classes redefined (0 events):
No events

Internal exceptions (10 events):
Event: 0.193 Thread 0x00000192083a1800 Exception <a 'java/lang/ClassNotFoundException': javax/swing/JTreeCell> (0x00000000d6518848) thrown at [C:\jenkins\workspace\8-2-build-windows-amd64-cygwin\jdk8u271\605\hotspot\src\share\vm\classfile\systemDictionary.cpp, line 212]
Event: 0.193 Thread 0x00000192083a1800 Exception <a 'java/lang/ClassNotFoundException': TreeCell> (0x00000000d6518cd0) thrown at [C:\jenkins\workspace\8-2-build-windows-amd64-cygwin\jdk8u271\605\hotspot\src\share\vm\classfile\systemDictionary.cpp, line 212]
Event: 0.193 Thread 0x00000192083a1800 Exception <a 'java/lang/ClassNotFoundException': RootPane> (0x00000000d6519730) thrown at [C:\jenkins\workspace\8-2-build-windows-amd64-cygwin\jdk8u271\605\hotspot\src\share\vm\classfile\systemDictionary.cpp, line 212]
Event: 6.980 Thread 0x0000019220a1f800 Implicit null exception at 0x000001920a00c27b to 0x000001920a00c2f1
Event: 7.088 Thread 0x0000019220a1f800 Exception <a 'java/lang/NullPointerException'> (0x00000000d7e3b9b8) thrown at [C:\jenkins\workspace\8-2-build-windows-amd64-cygwin\jdk8u271\605\hotspot\src\share\vm\interpreter\linkResolver.cpp, line 1185]
Event: 7.089 Thread 0x0000019220a1f800 Exception <a 'java/lang/reflect/InvocationTargetException'> (0x00000000d7e3f3f0) thrown at [C:\jenkins\workspace\8-2-build-windows-amd64-cygwin\jdk8u271\605\hotspot\src\share\vm\runtime\reflection.cpp, line 1092]
Event: 7.247 Thread 0x0000019220a1f800 Implicit null exception at 0x000001920a21b3fd to 0x000001920a21b881
Event: 18.653 Thread 0x0000019220f7c000 Exception <a 'org/opencv/core/CvException': cv::Exception: OpenCV(4.5.1) C:\build\master_winpack-bindings-win64-vc14-static\opencv\modules\core\src\matrix.cpp:769: error: (-215:Assertion failed) 0 <= _rowRange.start && _rowRange.start <= _rowRange.end && 
Event: 23.970 Thread 0x0000019220a1f800 Implicit null exception at 0x000001920a23d192 to 0x000001920a23d9bd
Event: 23.970 Thread 0x0000019220a1f800 Implicit null exception at 0x000001920a1fbd73 to 0x000001920a1fc6f5

Events (10 events):
Event: 25.014 Thread 0x000001921efea000 flushing nmethod 0x000001920a00c0d0
Event: 25.014 Thread 0x000001921efea000 flushing nmethod 0x000001920a02de10
Event: 25.014 Thread 0x000001921efea000 flushing nmethod 0x000001920a030090
Event: 25.014 Thread 0x000001921efea000 flushing nmethod 0x000001920a033990
Event: 25.014 Thread 0x000001921efea000 flushing nmethod 0x000001920a0377d0
Event: 25.014 Thread 0x000001921efea000 flushing nmethod 0x000001920a03a5d0
Event: 25.014 Thread 0x000001921efea000 flushing nmethod 0x000001920a040990
Event: 25.014 Thread 0x000001921efea000 flushing nmethod 0x000001920a040f50
Event: 25.014 Thread 0x000001921efea000 flushing nmethod 0x000001920a05fe10
Event: 25.014 Thread 0x000001921efea000 flushing nmethod 0x000001920a069290


Dynamic libraries:
0x00007ff63f5a0000 - 0x00007ff63f5e7000 	C:\Program Files\Java\jdk1.8.0_271\jre\bin\java.exe
0x00007ffae8fd0000 - 0x00007ffae91c6000 	C:\Windows\SYSTEM32\ntdll.dll
0x00007ffae7f60000 - 0x00007ffae801d000 	C:\Windows\System32\KERNEL32.DLL
0x00007ffae6970000 - 0x00007ffae6c39000 	C:\Windows\System32\KERNELBASE.dll
0x00007ffae8d50000 - 0x00007ffae8dfc000 	C:\Windows\System32\ADVAPI32.dll
0x00007ffae8220000 - 0x00007ffae82be000 	C:\Windows\System32\msvcrt.dll
0x00007ffae7400000 - 0x00007ffae749c000 	C:\Windows\System32\sechost.dll
0x00007ffae74a0000 - 0x00007ffae75cb000 	C:\Windows\System32\RPCRT4.dll
0x00007ffae75d0000 - 0x00007ffae7770000 	C:\Windows\System32\USER32.dll
0x00007ffae6e70000 - 0x00007ffae6e92000 	C:\Windows\System32\win32u.dll
0x00007ffae8e00000 - 0x00007ffae8e2a000 	C:\Windows\System32\GDI32.dll
0x00007ffae6710000 - 0x00007ffae6819000 	C:\Windows\System32\gdi32full.dll
0x00007ffae6820000 - 0x00007ffae68bd000 	C:\Windows\System32\msvcp_win.dll
0x00007ffae6cf0000 - 0x00007ffae6df0000 	C:\Windows\System32\ucrtbase.dll
0x00007ffad1ce0000 - 0x00007ffad1f7b000 	C:\Windows\WinSxS\amd64_microsoft.windows.common-controls_6595b64144ccf1df_6.0.19041.488_none_ca04af081b815d21\COMCTL32.dll
0x00007ffae8b80000 - 0x00007ffae8bb0000 	C:\Windows\System32\IMM32.DLL
0x00007ffade820000 - 0x00007ffade835000 	C:\Program Files\Java\jdk1.8.0_271\jre\bin\vcruntime140.dll
0x00007ffacaa20000 - 0x00007ffacaabb000 	C:\Program Files\Java\jdk1.8.0_271\jre\bin\msvcp140.dll
0x000000005ea30000 - 0x000000005f29f000 	C:\Program Files\Java\jdk1.8.0_271\jre\bin\server\jvm.dll
0x00007ffae7c60000 - 0x00007ffae7c68000 	C:\Windows\System32\PSAPI.DLL
0x00007ffad5900000 - 0x00007ffad5927000 	C:\Windows\SYSTEM32\WINMM.dll
0x00007ffadfb10000 - 0x00007ffadfb1a000 	C:\Windows\SYSTEM32\VERSION.dll
0x00007ffad1900000 - 0x00007ffad1909000 	C:\Windows\SYSTEM32\WSOCK32.dll
0x00007ffae8bb0000 - 0x00007ffae8c1b000 	C:\Windows\System32\WS2_32.dll
0x00007ffae4ff0000 - 0x00007ffae5002000 	C:\Windows\SYSTEM32\kernel.appcore.dll
0x00007ffade880000 - 0x00007ffade890000 	C:\Program Files\Java\jdk1.8.0_271\jre\bin\verify.dll
0x00007ffada0d0000 - 0x00007ffada0fb000 	C:\Program Files\Java\jdk1.8.0_271\jre\bin\java.dll
0x00007ffad9f30000 - 0x00007ffad9f48000 	C:\Program Files\Java\jdk1.8.0_271\jre\bin\zip.dll
0x00007ffae82c0000 - 0x00007ffae8a02000 	C:\Windows\System32\SHELL32.dll
0x00007ffae4840000 - 0x00007ffae4fd5000 	C:\Windows\SYSTEM32\windows.storage.dll
0x00007ffae7040000 - 0x00007ffae7396000 	C:\Windows\System32\combase.dll
0x00007ffae6180000 - 0x00007ffae61ac000 	C:\Windows\SYSTEM32\Wldp.dll
0x00007ffae8ee0000 - 0x00007ffae8f8e000 	C:\Windows\System32\SHCORE.dll
0x00007ffae73a0000 - 0x00007ffae73f5000 	C:\Windows\System32\shlwapi.dll
0x00007ffae6640000 - 0x00007ffae6666000 	C:\Windows\SYSTEM32\profapi.dll
0x00007ffa9e410000 - 0x00007ffa9e5a4000 	C:\Program Files\Java\jdk1.8.0_271\jre\bin\awt.dll
0x00007ffae8150000 - 0x00007ffae821d000 	C:\Windows\System32\OLEAUT32.dll
0x00007ffae3ba0000 - 0x00007ffae3c30000 	C:\Windows\SYSTEM32\apphelp.dll
0x00007ffae3c90000 - 0x00007ffae3d2e000 	C:\Windows\system32\uxtheme.dll
0x00007ffae8c30000 - 0x00007ffae8d46000 	C:\Windows\System32\MSCTF.dll
0x00007ffae8020000 - 0x00007ffae814a000 	C:\Windows\System32\ole32.dll
0x00007ffae6df0000 - 0x00007ffae6e70000 	C:\Windows\System32\bcryptPrimitives.dll
0x00007ffae3fd0000 - 0x00007ffae3fff000 	C:\Windows\system32\DWMAPI.DLL
0x00007ffabc160000 - 0x00007ffabc1a9000 	C:\Program Files\Java\jdk1.8.0_271\jre\bin\fontmanager.dll
0x00007ffac39e0000 - 0x00007ffac3b05000 	C:\Windows\system32\opengl32.dll
0x00007ffad6990000 - 0x00007ffad69bc000 	C:\Windows\SYSTEM32\GLU32.dll
0x00007ffadf240000 - 0x00007ffadf40f000 	C:\Windows\system32\d3d9.dll
0x00007ffaa2ba0000 - 0x00007ffaa2d03000 	C:\Windows\System32\DriverStore\FileRepository\iigd_dch.inf_amd64_657d56a89b3d77d6\igdumdim64.dll
0x00007ffa57b00000 - 0x00007ffa5b542000 	C:\Windows\System32\DriverStore\FileRepository\iigd_dch.inf_amd64_657d56a89b3d77d6\igd9dxva64.dll
0x00007ffae7790000 - 0x00007ffae7bf7000 	C:\Windows\System32\SETUPAPI.dll
0x00007ffae68c0000 - 0x00007ffae690e000 	C:\Windows\System32\cfgmgr32.dll
0x00007ffae7000000 - 0x00007ffae7027000 	C:\Windows\System32\bcrypt.dll
0x00007ffad99e0000 - 0x00007ffad9c1f000 	C:\Windows\System32\DriverStore\FileRepository\iigd_dch.inf_amd64_657d56a89b3d77d6\igdgmm64.dll
0x00007ffae0480000 - 0x00007ffae0582000 	C:\Windows\System32\DriverStore\FileRepository\nvlt.inf_amd64_f186e0981f046e99\nvldumdx.dll
0x00007ffae6ea0000 - 0x00007ffae6ffd000 	C:\Windows\System32\crypt32.dll
0x00007ffade0a0000 - 0x00007ffade0d1000 	C:\Windows\SYSTEM32\cryptnet.dll
0x00007ffae60d0000 - 0x00007ffae60dc000 	C:\Windows\SYSTEM32\cryptbase.dll
0x00007ffae6910000 - 0x00007ffae6970000 	C:\Windows\System32\WINTRUST.DLL
0x00007ffae6300000 - 0x00007ffae6312000 	C:\Windows\SYSTEM32\MSASN1.dll
0x00007ffae7770000 - 0x00007ffae778d000 	C:\Windows\System32\imagehlp.dll
0x00007ffae60e0000 - 0x00007ffae60f8000 	C:\Windows\SYSTEM32\CRYPTSP.dll
0x00007ffae5820000 - 0x00007ffae5854000 	C:\Windows\system32\rsaenh.dll
0x00007ffa82b20000 - 0x00007ffa842c2000 	C:\Windows\System32\DriverStore\FileRepository\nvlt.inf_amd64_f186e0981f046e99\nvd3dumx.dll
0x00007ffae5d10000 - 0x00007ffae5d5b000 	C:\Windows\SYSTEM32\powrprof.dll
0x00007ffae5b80000 - 0x00007ffae5b92000 	C:\Windows\SYSTEM32\UMPDC.dll
0x00007ffa966d0000 - 0x00007ffa96987000 	C:\Windows\system32\nvspcap64.dll
0x00007ffae5450000 - 0x00007ffae5483000 	C:\Windows\SYSTEM32\ntmarta.dll
0x00007ffae5010000 - 0x00007ffae5033000 	C:\Windows\SYSTEM32\gpapi.dll
0x00007ffadc0a0000 - 0x00007ffadc0db000 	C:\Windows\SYSTEM32\dxcore.dll
0x00007ffae8e30000 - 0x00007ffae8ed9000 	C:\Windows\System32\clbcatq.dll
0x00007ffade500000 - 0x00007ffade6b4000 	C:\Windows\SYSTEM32\WindowsCodecs.dll
0x00007ffaca910000 - 0x00007ffaca94e000 	C:\Windows\system32\dataexchange.dll
0x00007ffae22b0000 - 0x00007ffae2514000 	C:\Windows\system32\d3d11.dll
0x00007ffae30a0000 - 0x00007ffae3287000 	C:\Windows\system32\dcomp.dll
0x00007ffae5060000 - 0x00007ffae5153000 	C:\Windows\system32\dxgi.dll
0x00007ffadef10000 - 0x00007ffadf118000 	C:\Windows\system32\twinapi.appcore.dll
0x00007ffad9da0000 - 0x00007ffad9dbc000 	C:\Program Files\Java\jdk1.8.0_271\jre\bin\net.dll
0x00007ffae5f00000 - 0x00007ffae5f6a000 	C:\Windows\system32\mswsock.dll
0x00007ffad6770000 - 0x00007ffad6783000 	C:\Program Files\Java\jdk1.8.0_271\jre\bin\nio.dll
0x00007ffab8350000 - 0x00007ffab8393000 	C:\Program Files\Java\jdk1.8.0_271\jre\bin\t2k.dll
0x00007ffabe320000 - 0x00007ffabe41d000 	C:\Windows\SYSTEM32\textinputframework.dll
0x00007ffae3610000 - 0x00007ffae396e000 	C:\Windows\System32\CoreUIComponents.dll
0x00007ffae3970000 - 0x00007ffae3a62000 	C:\Windows\System32\CoreMessaging.dll
0x00007ffae2f40000 - 0x00007ffae3096000 	C:\Windows\SYSTEM32\wintypes.dll
0x00007ffaca000000 - 0x00007ffaca02a000 	C:\Program Files\Java\jdk1.8.0_271\jre\bin\dcpr.dll
0x00007ffae5bf0000 - 0x00007ffae5cbb000 	C:\Windows\SYSTEM32\DNSAPI.dll
0x00007ffae5ba0000 - 0x00007ffae5bdb000 	C:\Windows\SYSTEM32\IPHLPAPI.DLL
0x00007ffae8c20000 - 0x00007ffae8c28000 	C:\Windows\System32\NSI.dll
0x00007ffad5370000 - 0x00007ffad537a000 	C:\Windows\System32\rasadhlp.dll
0x00007ffad54b0000 - 0x00007ffad552f000 	C:\Windows\System32\fwpuclnt.dll
0x00007ffadfd70000 - 0x00007ffadfd94000 	C:\Program Files\Java\jdk1.8.0_271\jre\bin\sunec.dll
0x00007ffade140000 - 0x00007ffade157000 	C:\Windows\SYSTEM32\dhcpcsvc6.DLL
0x00007ffadf4e0000 - 0x00007ffadf4fd000 	C:\Windows\SYSTEM32\dhcpcsvc.DLL
0x00007ffae6600000 - 0x00007ffae662e000 	C:\Windows\SYSTEM32\USERENV.dll
0x00007ffae1570000 - 0x00007ffae157d000 	C:\Program Files\Java\jdk1.8.0_271\jre\bin\sunmscapi.dll
0x00007ffae61f0000 - 0x00007ffae6217000 	C:\Windows\SYSTEM32\ncrypt.dll
0x00007ffae61b0000 - 0x00007ffae61eb000 	C:\Windows\SYSTEM32\NTASN1.dll
0x00007ffa7d1e0000 - 0x00007ffa80226000 	D:\Kuliah\opencv\opencv\build\java\x64\opencv_java451.dll
0x00007ffaceac0000 - 0x00007ffacec7b000 	C:\Windows\SYSTEM32\MFPlat.DLL
0x00007ffad5fc0000 - 0x00007ffad6044000 	C:\Windows\SYSTEM32\MF.dll
0x00007ffaa4960000 - 0x00007ffaa4a6a000 	C:\Windows\SYSTEM32\MFReadWrite.dll
0x00007ffa8f520000 - 0x00007ffa8f9ae000 	C:\Windows\SYSTEM32\MFCORE.DLL
0x00007ffad6da0000 - 0x00007ffad6da9000 	C:\Windows\SYSTEM32\ksuser.dll
0x00007ffad9c30000 - 0x00007ffad9c60000 	C:\Windows\SYSTEM32\RTWorkQ.DLL
0x00007ffadfb30000 - 0x00007ffadfb66000 	C:\Windows\SYSTEM32\CompPkgSup.DLL
0x00007ffaba840000 - 0x00007ffabaf66000 	C:\Windows\System32\Windows.Media.dll
0x00007ffab6180000 - 0x00007ffab61eb000 	C:\Windows\System32\FrameServerClient.dll
0x00007ffaabcb0000 - 0x00007ffaabd17000 	C:\Windows\System32\MFSENSORGROUP.dll
0x00007ffade260000 - 0x00007ffade347000 	C:\Windows\System32\Windows.ApplicationModel.dll
0x00007ffadfd30000 - 0x00007ffadfd3a000 	C:\Windows\SYSTEM32\AVRT.dll
0x00007ffae01b0000 - 0x00007ffae02ab000 	C:\Windows\System32\AppXDeploymentClient.dll
0x00007ffae1560000 - 0x00007ffae156d000 	C:\Windows\System32\vidcap.ax
0x00007ffada110000 - 0x00007ffada137000 	C:\Windows\System32\kswdmcap.ax
0x00007ffa96560000 - 0x00007ffa966cc000 	C:\Windows\System32\MFC42.dll
0x00007ffacad20000 - 0x00007ffacae66000 	C:\Windows\System32\Windows.StateRepositoryPS.dll
0x00007ffa9ea00000 - 0x00007ffa9eaba000 	C:\Windows\System32\DriverStore\FileRepository\nvlt.inf_amd64_f186e0981f046e99\nvDecMFTMjpegx.dll
0x00007ffa8ecf0000 - 0x00007ffa8efe9000 	C:\Windows\System32\DriverStore\FileRepository\iigd_dch.inf_amd64_657d56a89b3d77d6\mfx_mft_mjpgvd_64.dll
0x00007ffae1de0000 - 0x00007ffae1ed7000 	C:\Windows\SYSTEM32\PROPSYS.dll
0x00007ffad66c0000 - 0x00007ffad66dd000 	C:\Windows\System32\mfmjpegdec.dll
0x00007ffabd900000 - 0x00007ffabda2d000 	C:\Windows\System32\mfperfhelper.dll
0x00007ffabd7a0000 - 0x00007ffabd900000 	C:\Windows\System32\msvproc.dll
0x00007ffaa3b40000 - 0x00007ffaa3bbd000 	C:\Windows\SYSTEM32\OpenCL.dll
0x00007ffa8e500000 - 0x00007ffa8ea3e000 	C:\Windows\System32\DriverStore\FileRepository\iigd_dch.inf_amd64_657d56a89b3d77d6\igdrcl64.dll
0x00007ffa9b290000 - 0x00007ffa9b383000 	C:\Windows\System32\DriverStore\FileRepository\iigd_dch.inf_amd64_657d56a89b3d77d6\igdfcl64.dll
0x00007ffad6e10000 - 0x00007ffad99d9000 	C:\Windows\System32\DriverStore\FileRepository\iigd_dch.inf_amd64_657d56a89b3d77d6\igc64.dll
0x00007ffa55900000 - 0x00007ffa57afe000 	C:\Windows\System32\DriverStore\FileRepository\nvlt.inf_amd64_f186e0981f046e99\nvopencl64.dll
0x00007ffad04c0000 - 0x00007ffad0a14000 	C:\Windows\SYSTEM32\nvapi64.dll
0x000000005e770000 - 0x000000005e841000 	C:\Users\neet\AppData\Local\Temp\javacpp214385252523000\msvcr100.dll

VM Arguments:
jvm_args: -Dfile.encoding=UTF-8 -Djava.library.path=D:\Kuliah\opencv\opencv\build\java\x64 
java_command: presensi.karyawan.Login
java_class_path (initial): C:\Program Files (x86)\NetBeans 8.2\ide\modules\ext\mysql-connector-java-5.1.23-bin.jar;C:\Users\neet\Documents\NetBeansProjects\PresensiKaryawan\mysql-connector-java-8.0.19.jar;D:\Kuliah\JCalender\jcalendar-1.3.2.jar;D:\Kuliah\opencv\opencv\build\java\opencv-451.jar;D:\Kuliah\opencv2\opencv\build\java\opencv-3413.jar;D:\Kuliah\javacv-bin\javacpp.jar;D:\Kuliah\javacv-bin\javacv-android-arm.jar;D:\Kuliah\javacv-bin\javacv-linux-x86.jar;D:\Kuliah\javacv-bin\javacv-linux-x86_64.jar;D:\Kuliah\javacv-bin\javacv-macosx-x86_64.jar;D:\Kuliah\javacv-bin\javacv-windows-x86.jar;D:\Kuliah\javacv-bin\javacv-windows-x86_64.jar;D:\Kuliah\javacv-bin\javacv.jar;D:\Kuliah\javacv-cppjars\ffmpeg-20130915-git-7ac6c63-windows-x86.jar;D:\Kuliah\javacv-cppjars\ffmpeg-20130915-git-7ac6c63-windows-x86_64.jar;D:\Kuliah\javacv-cppjars\opencv-2.4.6.0-windows-x86.jar;D:\Kuliah\javacv-cppjars\opencv-2.4.6.0-windows-x86_64.jar;D:\Kuliah\newJavaCv\artoolkitplus-2.3.1-1.0.jar;D:\Kuliah\newJavaCv\ffmpeg-2.7.1-1.0.jar;D:\Kuliah\newJavaCv\flandmark-1.07-1.0.jar;D:\Kuliah\newJavaCv\flycapture-2.7.3.19-1.0.jar;D:\Kuliah\newJavaCv\javacpp-1.0.jar;D:\Kuliah\newJavaCv\javacv-1.0.jar;D:\Kuliah\newJavaCv\libdc1394-2.2.3-1.0.jar;D:\Kuliah\newJavaCv\libfreenect-0.5.2-1.0.jar;D:\Kuliah\newJavaCv\opencv-3.0.0-1.0.jar;D:\Kuliah\newJavaCv\videoinput-0.200-1.0.jar;C:\Users\neet\Documents\NetBeansProjects\PresensiKaryawan\build\classes
Launcher Type: SUN_STANDARD

Environment Variables:
PATH=C:\Program Files (x86)\Common Files\Oracle\Java\javapath;C:\Windows\system32;C:\Windows;C:\Windows\System32\Wbem;C:\Windows\System32\WindowsPowerShell\v1.0\;C:\Windows\System32\OpenSSH\;C:\Program Files (x86)\NVIDIA Corporation\PhysX\Common;C:\Program Files\NVIDIA Corporation\NVIDIA NvDLISR;C:\Program Files\Git\cmd;C:\Program Files\PuTTY\;D:\Kuliah\opencv\opencv\build\x64\vc15\bin;C:\Users\neet\AppData\Local\Microsoft\WindowsApps;;C:\Users\neet\AppData\Local\Programs\Microsoft VS Code\bin
USERNAME=neet
OS=Windows_NT
PROCESSOR_IDENTIFIER=Intel64 Family 6 Model 165 Stepping 2, GenuineIntel



---------------  S Y S T E M  ---------------

OS: Windows 10.0 , 64 bit Build 19041 (10.0.19041.662)

CPU:total 8 (initial active 8) (4 cores per cpu, 2 threads per core) family 6 model 165 stepping 2, cmov, cx8, fxsr, mmx, sse, sse2, sse3, ssse3, sse4.1, sse4.2, popcnt, avx, avx2, aes, clmul, erms, 3dnowpref, lzcnt, ht, tsc, tscinvbit, bmi1, bmi2, adx

Memory: 4k page, physical 8253684k(1143272k free), swap 18215156k(6411372k free)

vm_info: Java HotSpot(TM) 64-Bit Server VM (25.271-b09) for windows-amd64 JRE (1.8.0_271-b09), built on Sep 16 2020 19:14:59 by "" with MS VC++ 15.9 (VS2017)

time: Sun Jan  3 20:37:29 2021
timezone: SE Asia Standard Time
elapsed time: 25.051545 seconds (0d 0h 0m 25s)

