#
# A fatal error has been detected by the Java Runtime Environment:
#
#  EXCEPTION_ACCESS_VIOLATION (0xc0000005) at pc=0x00007ffa6a563cb3, pid=12804, tid=0x00000000000023dc
#
# JRE version: Java(TM) SE Runtime Environment (8.0_271-b09) (build 1.8.0_271-b09)
# Java VM: Java HotSpot(TM) 64-Bit Server VM (25.271-b09 mixed mode windows-amd64 compressed oops)
# Problematic frame:
# C  0x00007ffa6a563cb3
#
# Failed to write core dump. Minidumps are not enabled by default on client versions of Windows
#
# If you would like to submit a bug report, please visit:
#   http://bugreport.java.com/bugreport/crash.jsp
# The crash happened outside the Java Virtual Machine in native code.
# See problematic frame for where to report the bug.
#

---------------  T H R E A D  ---------------

Current thread (0x000001c97c44c000):  JavaThread "AWT-EventQueue-0" [_thread_in_native, id=9180, stack(0x0000002bd5e00000,0x0000002bd5f00000)]

siginfo: ExceptionCode=0xc0000005, reading address 0x000001c918bc8001

Registers:
RAX=0x000000000000f80c, RBX=0x000000000007c080, RCX=0x0000000000000a30, RDX=0x000001c91f9231e0
RSP=0x0000002bd5efb5b0, RBP=0x0000002bd5efb700, RSI=0x0000002bd5efbae0, RDI=0x000000000000f810
R8 =0x0000000000000a30, R9 =0x000001c918bc75d3, R10=0x0000002bd5efb630, R11=0x000001c91f91e050
R12=0x0000002bd5efb9c0, R13=0x00007ffa6a566190, R14=0x0000000000000000, R15=0x0000000000000006
RIP=0x00007ffa6a563cb3, EFLAGS=0x0000000000010297

Top of Stack: (sp=0x0000002bd5efb5b0)
0x0000002bd5efb5b0:   0000000000000001 00007ffa6a5661c1
0x0000002bd5efb5c0:   0000000000000006 00007ffa6a566190
0x0000002bd5efb5d0:   0000002bd5efb9c0 0000000000000001
0x0000002bd5efb5e0:   0000002bd5efb630 0000000000000006
0x0000002bd5efb5f0:   0000002bd5efb700 00007ffa6a569cbf
0x0000002bd5efb600:   0000000000000006 0000002bd5efb813
0x0000002bd5efb610:   0000000000000005 0000000000000001
0x0000002bd5efb620:   000001c91f91e050 000000000007c080
0x0000002bd5efb630:   000000000000f810 0000002bd5efb648
0x0000002bd5efb640:   000000010000f810 3ff0000000000000
0x0000002bd5efb650:   0000000000000000 000000005f0f25f6
0x0000002bd5efb660:   000001c91f709170 fffffffffffffffe
0x0000002bd5efb670:   0000000242ffc006 0000f81000000001
0x0000002bd5efb680:   000001c91f91e050 000001c91fcfe450
0x0000002bd5efb690:   000001c91f91e050 000001c91fcfe450
0x0000002bd5efb6a0:   000001c91fcfe450 0000000000000000 

Instructions: (pc=0x00007ffa6a563cb3)
0x00007ffa6a563c93:   1c cd 00 00 00 00 4c 8d 49 03 0f 1f 00 41 ff 4a
0x00007ffa6a563ca3:   04 33 c9 45 33 c0 41 83 3a 04 78 65 49 8d 53 10
0x00007ffa6a563cb3:   43 0f b6 44 01 fe 83 c1 04 49 83 c0 04 48 83 c2
0x00007ffa6a563cc3:   20 66 0f 6e c8 43 0f b6 44 01 f9 f3 0f e6 c9 66 


Register to memory mapping:

RAX=0x000000000000f80c is an unknown value
RBX=0x000000000007c080 is an unknown value
RCX=0x0000000000000a30 is an unknown value
RDX=0x000001c91f9231e0 is an unknown value
RSP=0x0000002bd5efb5b0 is pointing into the stack for thread: 0x000001c97c44c000
RBP=0x0000002bd5efb700 is pointing into the stack for thread: 0x000001c97c44c000
RSI=0x0000002bd5efbae0 is pointing into the stack for thread: 0x000001c97c44c000
RDI=0x000000000000f810 is an unknown value
R8 =0x0000000000000a30 is an unknown value
R9 =0x000001c918bc75d3 is an unknown value
R10=0x0000002bd5efb630 is pointing into the stack for thread: 0x000001c97c44c000
R11=0x000001c91f91e050 is an unknown value
R12=0x0000002bd5efb9c0 is pointing into the stack for thread: 0x000001c97c44c000
R13=0x00007ffa6a566190 is an unknown value
R14=0x0000000000000000 is an unknown value
R15=0x0000000000000006 is an unknown value


Stack: [0x0000002bd5e00000,0x0000002bd5f00000],  sp=0x0000002bd5efb5b0,  free space=1005k
Native frames: (J=compiled Java code, j=interpreted, Vv=VM code, C=native code)
C  0x00007ffa6a563cb3
C  0x00007ffa6a5661c1
C  0x00007ffa6a569cbf
C  0x00007ffa69eea608
C  0x00007ffa69ef0728
C  0x00007ffa80a930ef
C  0x000001c900019f4e

Java frames: (J=compiled Java code, j=interpreted, Vv=VM code)
j  com.googlecode.javacv.cpp.opencv_contrib$FaceRecognizer.train(Lcom/googlecode/javacv/cpp/opencv_core$MatVector;[I)V+0
j  presensi.karyawan.dao.PresensiDAO.recognizer(Ljava/lang/String;Ljava/lang/String;)V+254
j  presensi.karyawan.Presence.presensiAct(Ljava/lang/String;)V+30
j  presensi.karyawan.Presence.masukBtn1ActionPerformed(Ljava/awt/event/ActionEvent;)V+3
j  presensi.karyawan.Presence.access$200(Lpresensi/karyawan/Presence;Ljava/awt/event/ActionEvent;)V+2
j  presensi.karyawan.Presence$3.actionPerformed(Ljava/awt/event/ActionEvent;)V+5
j  javax.swing.AbstractButton.fireActionPerformed(Ljava/awt/event/ActionEvent;)V+83
j  javax.swing.AbstractButton$Handler.actionPerformed(Ljava/awt/event/ActionEvent;)V+5
j  javax.swing.DefaultButtonModel.fireActionPerformed(Ljava/awt/event/ActionEvent;)V+34
j  javax.swing.DefaultButtonModel.setPressed(Z)V+117
j  javax.swing.plaf.basic.BasicButtonListener.mouseReleased(Ljava/awt/event/MouseEvent;)V+35
j  java.awt.Component.processMouseEvent(Ljava/awt/event/MouseEvent;)V+64
j  javax.swing.JComponent.processMouseEvent(Ljava/awt/event/MouseEvent;)V+23
J 2598 C1 java.awt.Component.processEvent(Ljava/awt/AWTEvent;)V (220 bytes) @ 0x000001c900853164 [0x000001c900852c40+0x524]
J 2476 C1 java.awt.Container.processEvent(Ljava/awt/AWTEvent;)V (22 bytes) @ 0x000001c9007ed90c [0x000001c9007ed5e0+0x32c]
J 2290 C1 java.awt.Component.dispatchEventImpl(Ljava/awt/AWTEvent;)V (921 bytes) @ 0x000001c9007386e4 [0x000001c900733200+0x54e4]
J 2193 C1 java.awt.Container.dispatchEventImpl(Ljava/awt/AWTEvent;)V (129 bytes) @ 0x000001c9006da304 [0x000001c9006da1c0+0x144]
J 2534 C1 java.awt.LightweightDispatcher.retargetMouseEvent(Ljava/awt/Component;ILjava/awt/event/MouseEvent;)V (372 bytes) @ 0x000001c90081b994 [0x000001c900819180+0x2814]
J 2437 C1 java.awt.LightweightDispatcher.processMouseEvent(Ljava/awt/event/MouseEvent;)Z (286 bytes) @ 0x000001c9007d830c [0x000001c9007d6c00+0x170c]
J 2303 C1 java.awt.LightweightDispatcher.dispatchEvent(Ljava/awt/AWTEvent;)Z (73 bytes) @ 0x000001c90074627c [0x000001c900745e40+0x43c]
J 2193 C1 java.awt.Container.dispatchEventImpl(Ljava/awt/AWTEvent;)V (129 bytes) @ 0x000001c9006da2a4 [0x000001c9006da1c0+0xe4]
J 2293 C1 java.awt.Window.dispatchEventImpl(Ljava/awt/AWTEvent;)V (23 bytes) @ 0x000001c900740fa4 [0x000001c9007409c0+0x5e4]
J 2265 C1 java.awt.EventQueue.dispatchEventImpl(Ljava/awt/AWTEvent;Ljava/lang/Object;)V (149 bytes) @ 0x000001c9007008bc [0x000001c9006ff080+0x183c]
J 2263 C1 java.awt.EventQueue$3.run()Ljava/lang/Void; (60 bytes) @ 0x000001c9006fe48c [0x000001c9006fe280+0x20c]
J 2262 C1 java.awt.EventQueue$3.run()Ljava/lang/Object; (5 bytes) @ 0x000001c9006fdf0c [0x000001c9006fde80+0x8c]
v  ~StubRoutines::call_stub
J 1002  java.security.AccessController.doPrivileged(Ljava/security/PrivilegedAction;Ljava/security/AccessControlContext;)Ljava/lang/Object; (0 bytes) @ 0x000001c90038c526 [0x000001c90038c4c0+0x66]
J 2287 C1 java.awt.EventQueue$4.run()Ljava/lang/Object; (5 bytes) @ 0x000001c900730fec [0x000001c900730bc0+0x42c]
v  ~StubRoutines::call_stub
J 1002  java.security.AccessController.doPrivileged(Ljava/security/PrivilegedAction;Ljava/security/AccessControlContext;)Ljava/lang/Object; (0 bytes) @ 0x000001c90038c526 [0x000001c90038c4c0+0x66]
J 1126 C1 java.awt.EventQueue.dispatchEvent(Ljava/awt/AWTEvent;)V (80 bytes) @ 0x000001c9003d6d7c [0x000001c9003d5f00+0xe7c]
J 2266 C1 java.awt.EventDispatchThread.pumpOneEventForFilters(I)V (190 bytes) @ 0x000001c900703dcc [0x000001c900702c80+0x114c]
j  java.awt.EventDispatchThread.pumpEventsForFilter(ILjava/awt/Conditional;Ljava/awt/EventFilter;)V+35
j  java.awt.EventDispatchThread.pumpEventsForHierarchy(ILjava/awt/Conditional;Ljava/awt/Component;)V+11
j  java.awt.EventDispatchThread.pumpEvents(ILjava/awt/Conditional;)V+4
j  java.awt.EventDispatchThread.pumpEvents(Ljava/awt/Conditional;)V+3
j  java.awt.EventDispatchThread.run()V+9
v  ~StubRoutines::call_stub

---------------  P R O C E S S  ---------------

Java Threads: ( => current thread )
  0x000001c97c1c5800 JavaThread "Abandoned connection cleanup thread" daemon [_thread_blocked, id=5664, stack(0x0000002bd6600000,0x0000002bd6700000)]
  0x000001c9135ee800 JavaThread "mysql-cj-abandoned-connection-cleanup" daemon [_thread_blocked, id=4312, stack(0x0000002bd6500000,0x0000002bd6600000)]
  0x000001c913d97000 JavaThread "TimerQueue" daemon [_thread_blocked, id=18232, stack(0x0000002bd6400000,0x0000002bd6500000)]
  0x000001c972ee1800 JavaThread "DestroyJavaVM" [_thread_blocked, id=18472, stack(0x0000002bd4700000,0x0000002bd4800000)]
=>0x000001c97c44c000 JavaThread "AWT-EventQueue-0" [_thread_in_native, id=9180, stack(0x0000002bd5e00000,0x0000002bd5f00000)]
  0x000001c97c3ec000 JavaThread "AWT-Windows" daemon [_thread_in_native, id=13040, stack(0x0000002bd5d00000,0x0000002bd5e00000)]
  0x000001c97c3e9000 JavaThread "AWT-Shutdown" [_thread_blocked, id=10164, stack(0x0000002bd5c00000,0x0000002bd5d00000)]
  0x000001c97c3e8800 JavaThread "Java2D Disposer" daemon [_thread_blocked, id=7400, stack(0x0000002bd5b00000,0x0000002bd5c00000)]
  0x000001c97bde8800 JavaThread "Service Thread" daemon [_thread_blocked, id=10372, stack(0x0000002bd5900000,0x0000002bd5a00000)]
  0x000001c97aa4c800 JavaThread "C1 CompilerThread3" daemon [_thread_blocked, id=18928, stack(0x0000002bd5800000,0x0000002bd5900000)]
  0x000001c97aa43000 JavaThread "C2 CompilerThread2" daemon [_thread_blocked, id=17076, stack(0x0000002bd5700000,0x0000002bd5800000)]
  0x000001c97aa40000 JavaThread "C2 CompilerThread1" daemon [_thread_blocked, id=400, stack(0x0000002bd5600000,0x0000002bd5700000)]
  0x000001c97aa33000 JavaThread "C2 CompilerThread0" daemon [_thread_blocked, id=18916, stack(0x0000002bd5500000,0x0000002bd5600000)]
  0x000001c97aa2d800 JavaThread "Attach Listener" daemon [_thread_blocked, id=17444, stack(0x0000002bd5400000,0x0000002bd5500000)]
  0x000001c97aa2c800 JavaThread "Signal Dispatcher" daemon [_thread_blocked, id=12928, stack(0x0000002bd5300000,0x0000002bd5400000)]
  0x000001c9730d9800 JavaThread "Finalizer" daemon [_thread_blocked, id=15476, stack(0x0000002bd5200000,0x0000002bd5300000)]
  0x000001c9730d7800 JavaThread "Reference Handler" daemon [_thread_blocked, id=8900, stack(0x0000002bd5100000,0x0000002bd5200000)]

Other Threads:
  0x000001c97a9e4000 VMThread [stack: 0x0000002bd5000000,0x0000002bd5100000] [id=15744]
  0x000001c97be01000 WatcherThread [stack: 0x0000002bd5a00000,0x0000002bd5b00000] [id=8628]

VM state:not at safepoint (normal execution)

VM Mutex/Monitor currently owned by a thread: None

heap address: 0x0000000082000000, size: 2016 MB, Compressed Oops mode: 32-bit
Narrow klass base: 0x0000000000000000, Narrow klass shift: 3
Compressed class space size: 1073741824 Address: 0x0000000100000000

Heap:
 PSYoungGen      total 36864K, used 2459K [0x00000000d6000000, 0x00000000d9200000, 0x0000000100000000)
  eden space 22528K, 3% used [0x00000000d6000000,0x00000000d60cf568,0x00000000d7600000)
  from space 14336K, 11% used [0x00000000d7600000,0x00000000d77978f8,0x00000000d8400000)
  to   space 14336K, 0% used [0x00000000d8400000,0x00000000d8400000,0x00000000d9200000)
 ParOldGen       total 52736K, used 11995K [0x0000000082000000, 0x0000000085380000, 0x00000000d6000000)
  object space 52736K, 22% used [0x0000000082000000,0x0000000082bb6f40,0x0000000085380000)
 Metaspace       used 26096K, capacity 26490K, committed 26800K, reserved 1073152K
  class space    used 3093K, capacity 3205K, committed 3248K, reserved 1048576K

Card table byte_map: [0x000001c974c90000,0x000001c975090000] byte_map_base: 0x000001c974880000

Marking Bits: (ParMarkBitMap*) 0x000000005f307fe0
 Begin Bits: [0x000001c975330000, 0x000001c9772b0000)
 End Bits:   [0x000001c9772b0000, 0x000001c979230000)

Polling page: 0x000001c972e80000

CodeCache: size=245760Kb used=8427Kb max_used=8621Kb free=237332Kb
 bounds [0x000001c900000000, 0x000001c900890000, 0x000001c90f000000]
 total_blobs=3508 nmethods=2561 adapters=859
 compilation: enabled

Compilation events (10 events):
Event: 27.215 Thread 0x000001c97aa40000 2807       4       java.lang.String::substring (56 bytes)
Event: 27.215 Thread 0x000001c97aa4c800 nmethod 2806 0x000001c900414390 code [0x000001c900414520, 0x000001c900414890]
Event: 27.215 Thread 0x000001c97aa4c800 2808   !   3       com.sun.proxy.$Proxy1::value (29 bytes)
Event: 27.215 Thread 0x000001c97aa4c800 nmethod 2808 0x000001c9004d5f10 code [0x000001c9004d60a0, 0x000001c9004d6480]
Event: 27.215 Thread 0x000001c97aa4c800 2809   !   3       com.sun.proxy.$Proxy1::not (29 bytes)
Event: 27.216 Thread 0x000001c97aa4c800 nmethod 2809 0x000001c9002e2690 code [0x000001c9002e2820, 0x000001c9002e2c00]
Event: 27.216 Thread 0x000001c97aa4c800 2810   !   3       com.sun.proxy.$Proxy1::linkpath (29 bytes)
Event: 27.216 Thread 0x000001c97aa4c800 nmethod 2810 0x000001c90022ce50 code [0x000001c90022cfe0, 0x000001c90022d3c0]
Event: 27.216 Thread 0x000001c97aa4c800 2811   !   3       com.sun.proxy.$Proxy1::preloadpath (29 bytes)
Event: 27.216 Thread 0x000001c97aa4c800 nmethod 2811 0x000001c90032ead0 code [0x000001c90032ec60, 0x000001c90032f040]

GC Heap History (10 events):
Event: 17.540 GC heap before
{Heap before GC invocations=7 (full 2):
 PSYoungGen      total 37888K, used 36462K [0x00000000d6000000, 0x00000000d8a00000, 0x0000000100000000)
  eden space 32768K, 98% used [0x00000000d6000000,0x00000000d7f97ab0,0x00000000d8000000)
  from space 5120K, 80% used [0x00000000d8500000,0x00000000d8904078,0x00000000d8a00000)
  to   space 5120K, 0% used [0x00000000d8000000,0x00000000d8000000,0x00000000d8500000)
 ParOldGen       total 52736K, used 11955K [0x0000000082000000, 0x0000000085380000, 0x00000000d6000000)
  object space 52736K, 22% used [0x0000000082000000,0x0000000082bacf40,0x0000000085380000)
 Metaspace       used 24705K, capacity 25044K, committed 25392K, reserved 1071104K
  class space    used 2911K, capacity 3044K, committed 3120K, reserved 1048576K
Event: 17.541 GC heap after
Heap after GC invocations=7 (full 2):
 PSYoungGen      total 37888K, used 4080K [0x00000000d6000000, 0x00000000d8a00000, 0x0000000100000000)
  eden space 32768K, 0% used [0x00000000d6000000,0x00000000d6000000,0x00000000d8000000)
  from space 5120K, 79% used [0x00000000d8000000,0x00000000d83fc078,0x00000000d8500000)
  to   space 5120K, 0% used [0x00000000d8500000,0x00000000d8500000,0x00000000d8a00000)
 ParOldGen       total 52736K, used 11963K [0x0000000082000000, 0x0000000085380000, 0x00000000d6000000)
  object space 52736K, 22% used [0x0000000082000000,0x0000000082baef40,0x0000000085380000)
 Metaspace       used 24705K, capacity 25044K, committed 25392K, reserved 1071104K
  class space    used 2911K, capacity 3044K, committed 3120K, reserved 1048576K
}
Event: 18.332 GC heap before
{Heap before GC invocations=8 (full 2):
 PSYoungGen      total 37888K, used 36583K [0x00000000d6000000, 0x00000000d8a00000, 0x0000000100000000)
  eden space 32768K, 99% used [0x00000000d6000000,0x00000000d7fbdc70,0x00000000d8000000)
  from space 5120K, 79% used [0x00000000d8000000,0x00000000d83fc078,0x00000000d8500000)
  to   space 5120K, 0% used [0x00000000d8500000,0x00000000d8500000,0x00000000d8a00000)
 ParOldGen       total 52736K, used 11963K [0x0000000082000000, 0x0000000085380000, 0x00000000d6000000)
  object space 52736K, 22% used [0x0000000082000000,0x0000000082baef40,0x0000000085380000)
 Metaspace       used 24715K, capacity 25044K, committed 25392K, reserved 1071104K
  class space    used 2911K, capacity 3044K, committed 3120K, reserved 1048576K
Event: 18.333 GC heap after
Heap after GC invocations=8 (full 2):
 PSYoungGen      total 27648K, used 3180K [0x00000000d6000000, 0x00000000d9d80000, 0x0000000100000000)
  eden space 22528K, 0% used [0x00000000d6000000,0x00000000d6000000,0x00000000d7600000)
  from space 5120K, 62% used [0x00000000d8500000,0x00000000d881b030,0x00000000d8a00000)
  to   space 15360K, 0% used [0x00000000d7600000,0x00000000d7600000,0x00000000d8500000)
 ParOldGen       total 52736K, used 11971K [0x0000000082000000, 0x0000000085380000, 0x00000000d6000000)
  object space 52736K, 22% used [0x0000000082000000,0x0000000082bb0f40,0x0000000085380000)
 Metaspace       used 24715K, capacity 25044K, committed 25392K, reserved 1071104K
  class space    used 2911K, capacity 3044K, committed 3120K, reserved 1048576K
}
Event: 18.854 GC heap before
{Heap before GC invocations=9 (full 2):
 PSYoungGen      total 27648K, used 25142K [0x00000000d6000000, 0x00000000d9d80000, 0x0000000100000000)
  eden space 22528K, 97% used [0x00000000d6000000,0x00000000d7572a00,0x00000000d7600000)
  from space 5120K, 62% used [0x00000000d8500000,0x00000000d881b030,0x00000000d8a00000)
  to   space 15360K, 0% used [0x00000000d7600000,0x00000000d7600000,0x00000000d8500000)
 ParOldGen       total 52736K, used 11971K [0x0000000082000000, 0x0000000085380000, 0x00000000d6000000)
  object space 52736K, 22% used [0x0000000082000000,0x0000000082bb0f40,0x0000000085380000)
 Metaspace       used 24717K, capacity 25044K, committed 25392K, reserved 1071104K
  class space    used 2911K, capacity 3044K, committed 3120K, reserved 1048576K
Event: 18.855 GC heap after
Heap after GC invocations=9 (full 2):
 PSYoungGen      total 26112K, used 3148K [0x00000000d6000000, 0x00000000d9300000, 0x0000000100000000)
  eden space 22528K, 0% used [0x00000000d6000000,0x00000000d6000000,0x00000000d7600000)
  from space 3584K, 87% used [0x00000000d7600000,0x00000000d7913030,0x00000000d7980000)
  to   space 14848K, 0% used [0x00000000d8480000,0x00000000d8480000,0x00000000d9300000)
 ParOldGen       total 52736K, used 11979K [0x0000000082000000, 0x0000000085380000, 0x00000000d6000000)
  object space 52736K, 22% used [0x0000000082000000,0x0000000082bb2f40,0x0000000085380000)
 Metaspace       used 24717K, capacity 25044K, committed 25392K, reserved 1071104K
  class space    used 2911K, capacity 3044K, committed 3120K, reserved 1048576K
}
Event: 19.408 GC heap before
{Heap before GC invocations=10 (full 2):
 PSYoungGen      total 26112K, used 25179K [0x00000000d6000000, 0x00000000d9300000, 0x0000000100000000)
  eden space 22528K, 97% used [0x00000000d6000000,0x00000000d7583d90,0x00000000d7600000)
  from space 3584K, 87% used [0x00000000d7600000,0x00000000d7913030,0x00000000d7980000)
  to   space 14848K, 0% used [0x00000000d8480000,0x00000000d8480000,0x00000000d9300000)
 ParOldGen       total 52736K, used 11979K [0x0000000082000000, 0x0000000085380000, 0x00000000d6000000)
  object space 52736K, 22% used [0x0000000082000000,0x0000000082bb2f40,0x0000000085380000)
 Metaspace       used 24722K, capacity 25044K, committed 25392K, reserved 1071104K
  class space    used 2912K, capacity 3044K, committed 3120K, reserved 1048576K
Event: 19.409 GC heap after
Heap after GC invocations=10 (full 2):
 PSYoungGen      total 36352K, used 3180K [0x00000000d6000000, 0x00000000d9200000, 0x0000000100000000)
  eden space 22528K, 0% used [0x00000000d6000000,0x00000000d6000000,0x00000000d7600000)
  from space 13824K, 23% used [0x00000000d8480000,0x00000000d879b030,0x00000000d9200000)
  to   space 14336K, 0% used [0x00000000d7600000,0x00000000d7600000,0x00000000d8400000)
 ParOldGen       total 52736K, used 11987K [0x0000000082000000, 0x0000000085380000, 0x00000000d6000000)
  object space 52736K, 22% used [0x0000000082000000,0x0000000082bb4f40,0x0000000085380000)
 Metaspace       used 24722K, capacity 25044K, committed 25392K, reserved 1071104K
  class space    used 2912K, capacity 3044K, committed 3120K, reserved 1048576K
}
Event: 27.208 GC heap before
{Heap before GC invocations=11 (full 2):
 PSYoungGen      total 36352K, used 25708K [0x00000000d6000000, 0x00000000d9200000, 0x0000000100000000)
  eden space 22528K, 100% used [0x00000000d6000000,0x00000000d7600000,0x00000000d7600000)
  from space 13824K, 23% used [0x00000000d8480000,0x00000000d879b030,0x00000000d9200000)
  to   space 14336K, 0% used [0x00000000d7600000,0x00000000d7600000,0x00000000d8400000)
 ParOldGen       total 52736K, used 11987K [0x0000000082000000, 0x0000000085380000, 0x00000000d6000000)
  object space 52736K, 22% used [0x0000000082000000,0x0000000082bb4f40,0x0000000085380000)
 Metaspace       used 25965K, capacity 26330K, committed 26800K, reserved 1073152K
  class space    used 3070K, capacity 3173K, committed 3248K, reserved 1048576K
Event: 27.209 GC heap after
Heap after GC invocations=11 (full 2):
 PSYoungGen      total 36864K, used 1630K [0x00000000d6000000, 0x00000000d9200000, 0x0000000100000000)
  eden space 22528K, 0% used [0x00000000d6000000,0x00000000d6000000,0x00000000d7600000)
  from space 14336K, 11% used [0x00000000d7600000,0x00000000d77978f8,0x00000000d8400000)
  to   space 14336K, 0% used [0x00000000d8400000,0x00000000d8400000,0x00000000d9200000)
 ParOldGen       total 52736K, used 11995K [0x0000000082000000, 0x0000000085380000, 0x00000000d6000000)
  object space 52736K, 22% used [0x0000000082000000,0x0000000082bb6f40,0x0000000085380000)
 Metaspace       used 25965K, capacity 26330K, committed 26800K, reserved 1073152K
  class space    used 3070K, capacity 3173K, committed 3248K, reserved 1048576K
}

Deoptimization events (10 events):
Event: 6.503 Thread 0x000001c97c44c000 Uncommon trap: reason=unstable_if action=reinterpret pc=0x000001c900216ff4 method=java.util.HashMap.putVal(ILjava/lang/Object;Ljava/lang/Object;ZZ)Ljava/lang/Object; @ 109
Event: 6.525 Thread 0x000001c97c44c000 Uncommon trap: reason=unstable_if action=reinterpret pc=0x000001c90064a12c method=java.util.regex.Pattern$Branch.match(Ljava/util/regex/Matcher;ILjava/lang/CharSequence;)Z @ 19
Event: 6.525 Thread 0x000001c97c44c000 Uncommon trap: reason=class_check action=maybe_recompile pc=0x000001c9005ada08 method=java.util.regex.Pattern$Curly.match0(Ljava/util/regex/Matcher;IILjava/lang/CharSequence;)Z @ 31
Event: 6.525 Thread 0x000001c97c44c000 Uncommon trap: reason=bimorphic action=maybe_recompile pc=0x000001c9005a4218 method=java.util.regex.Pattern$BmpCharProperty.match(Ljava/util/regex/Matcher;ILjava/lang/CharSequence;)Z @ 16
Event: 6.525 Thread 0x000001c97c44c000 Uncommon trap: reason=bimorphic action=maybe_recompile pc=0x000001c9005a4218 method=java.util.regex.Pattern$BmpCharProperty.match(Ljava/util/regex/Matcher;ILjava/lang/CharSequence;)Z @ 16
Event: 11.592 Thread 0x000001c97c44c000 Uncommon trap: reason=class_check action=maybe_recompile pc=0x000001c900660f3c method=java.util.Hashtable.put(Ljava/lang/Object;Ljava/lang/Object;)Ljava/lang/Object; @ 60
Event: 11.592 Thread 0x000001c97c44c000 Uncommon trap: reason=class_check action=maybe_recompile pc=0x000001c900660f3c method=java.util.Hashtable.put(Ljava/lang/Object;Ljava/lang/Object;)Ljava/lang/Object; @ 60
Event: 11.592 Thread 0x000001c97c44c000 Uncommon trap: reason=class_check action=maybe_recompile pc=0x000001c900660f3c method=java.util.Hashtable.put(Ljava/lang/Object;Ljava/lang/Object;)Ljava/lang/Object; @ 60
Event: 11.592 Thread 0x000001c97c44c000 Uncommon trap: reason=class_check action=maybe_recompile pc=0x000001c900660f3c method=java.util.Hashtable.put(Ljava/lang/Object;Ljava/lang/Object;)Ljava/lang/Object; @ 60
Event: 11.628 Thread 0x000001c97c44c000 Uncommon trap: reason=unstable_if action=reinterpret pc=0x000001c9002f34cc method=java.util.HashMap.resize()[Ljava/util/HashMap$Node; @ 206

Classes redefined (0 events):
No events

Internal exceptions (10 events):
Event: 0.175 Thread 0x000001c972ee1800 Exception <a 'java/lang/ClassNotFoundException': Tree> (0x00000000d65184c8) thrown at [C:\jenkins\workspace\8-2-build-windows-amd64-cygwin\jdk8u271\605\hotspot\src\share\vm\classfile\systemDictionary.cpp, line 212]
Event: 0.175 Thread 0x000001c972ee1800 Exception <a 'java/lang/ClassNotFoundException': javax/swing/JTreeCell> (0x00000000d6518848) thrown at [C:\jenkins\workspace\8-2-build-windows-amd64-cygwin\jdk8u271\605\hotspot\src\share\vm\classfile\systemDictionary.cpp, line 212]
Event: 0.175 Thread 0x000001c972ee1800 Exception <a 'java/lang/ClassNotFoundException': TreeCell> (0x00000000d6518cd0) thrown at [C:\jenkins\workspace\8-2-build-windows-amd64-cygwin\jdk8u271\605\hotspot\src\share\vm\classfile\systemDictionary.cpp, line 212]
Event: 0.175 Thread 0x000001c972ee1800 Exception <a 'java/lang/ClassNotFoundException': RootPane> (0x00000000d6519730) thrown at [C:\jenkins\workspace\8-2-build-windows-amd64-cygwin\jdk8u271\605\hotspot\src\share\vm\classfile\systemDictionary.cpp, line 212]
Event: 5.565 Thread 0x000001c97c44c000 Implicit null exception at 0x000001c9002bcd7b to 0x000001c9002bcdf1
Event: 5.596 Thread 0x000001c97c44c000 Implicit null exception at 0x000001c9002ccc30 to 0x000001c9002ccc9d
Event: 5.665 Thread 0x000001c97c44c000 Exception <a 'java/lang/NullPointerException'> (0x00000000d7dca270) thrown at [C:\jenkins\workspace\8-2-build-windows-amd64-cygwin\jdk8u271\605\hotspot\src\share\vm\interpreter\linkResolver.cpp, line 1185]
Event: 5.666 Thread 0x000001c97c44c000 Exception <a 'java/lang/reflect/InvocationTargetException'> (0x00000000d7dcdca8) thrown at [C:\jenkins\workspace\8-2-build-windows-amd64-cygwin\jdk8u271\605\hotspot\src\share\vm\runtime\reflection.cpp, line 1092]
Event: 5.786 Thread 0x000001c97c44c000 Implicit null exception at 0x000001c90043b574 to 0x000001c90043bbad
Event: 19.110 Thread 0x000001c913de3000 Exception <a 'org/opencv/core/CvException': cv::Exception: OpenCV(4.5.1) C:\build\master_winpack-bindings-win64-vc14-static\opencv\modules\core\src\matrix.cpp:769: error: (-215:Assertion failed) 0 <= _rowRange.start && _rowRange.start <= _rowRange.end && 

Events (10 events):
Event: 27.215 Thread 0x000001c97aa4c800 flushing nmethod 0x000001c900217d50
Event: 27.215 Thread 0x000001c97aa4c800 flushing nmethod 0x000001c900231a50
Event: 27.215 Thread 0x000001c97aa4c800 flushing nmethod 0x000001c90026a910
Event: 27.216 Thread 0x000001c97aa4c800 flushing nmethod 0x000001c9002ec090
Event: 27.216 Thread 0x000001c97aa4c800 flushing nmethod 0x000001c9002f2ed0
Event: 27.216 Thread 0x000001c97aa4c800 flushing nmethod 0x000001c90031e2d0
Event: 27.216 Thread 0x000001c97aa4c800 flushing nmethod 0x000001c90032dbd0
Event: 27.216 Thread 0x000001c97aa4c800 flushing nmethod 0x000001c90032e850
Event: 27.216 Thread 0x000001c97aa4c800 flushing nmethod 0x000001c900343990
Event: 27.216 Thread 0x000001c97aa4c800 flushing nmethod 0x000001c900346650


Dynamic libraries:
0x00007ff786050000 - 0x00007ff786097000 	C:\Program Files\Java\jdk1.8.0_271\jre\bin\java.exe
0x00007ffae8fd0000 - 0x00007ffae91c6000 	C:\Windows\SYSTEM32\ntdll.dll
0x00007ffae7f60000 - 0x00007ffae801d000 	C:\Windows\System32\KERNEL32.DLL
0x00007ffae6970000 - 0x00007ffae6c39000 	C:\Windows\System32\KERNELBASE.dll
0x00007ffae8d50000 - 0x00007ffae8dfc000 	C:\Windows\System32\ADVAPI32.dll
0x00007ffae8220000 - 0x00007ffae82be000 	C:\Windows\System32\msvcrt.dll
0x00007ffae7400000 - 0x00007ffae749c000 	C:\Windows\System32\sechost.dll
0x00007ffae74a0000 - 0x00007ffae75cb000 	C:\Windows\System32\RPCRT4.dll
0x00007ffae75d0000 - 0x00007ffae7770000 	C:\Windows\System32\USER32.dll
0x00007ffae6e70000 - 0x00007ffae6e92000 	C:\Windows\System32\win32u.dll
0x00007ffae8e00000 - 0x00007ffae8e2a000 	C:\Windows\System32\GDI32.dll
0x00007ffae6710000 - 0x00007ffae6819000 	C:\Windows\System32\gdi32full.dll
0x00007ffae6820000 - 0x00007ffae68bd000 	C:\Windows\System32\msvcp_win.dll
0x00007ffae6cf0000 - 0x00007ffae6df0000 	C:\Windows\System32\ucrtbase.dll
0x00007ffad1ce0000 - 0x00007ffad1f7b000 	C:\Windows\WinSxS\amd64_microsoft.windows.common-controls_6595b64144ccf1df_6.0.19041.488_none_ca04af081b815d21\COMCTL32.dll
0x00007ffae8b80000 - 0x00007ffae8bb0000 	C:\Windows\System32\IMM32.DLL
0x00007ffaa1580000 - 0x00007ffaa1595000 	C:\Program Files\Java\jdk1.8.0_271\jre\bin\vcruntime140.dll
0x00007ffa7d030000 - 0x00007ffa7d0cb000 	C:\Program Files\Java\jdk1.8.0_271\jre\bin\msvcp140.dll
0x000000005eb10000 - 0x000000005f37f000 	C:\Program Files\Java\jdk1.8.0_271\jre\bin\server\jvm.dll
0x00007ffae7c60000 - 0x00007ffae7c68000 	C:\Windows\System32\PSAPI.DLL
0x00007ffad5900000 - 0x00007ffad5927000 	C:\Windows\SYSTEM32\WINMM.dll
0x00007ffadfb10000 - 0x00007ffadfb1a000 	C:\Windows\SYSTEM32\VERSION.dll
0x00007ffad1900000 - 0x00007ffad1909000 	C:\Windows\SYSTEM32\WSOCK32.dll
0x00007ffae8bb0000 - 0x00007ffae8c1b000 	C:\Windows\System32\WS2_32.dll
0x00007ffae4ff0000 - 0x00007ffae5002000 	C:\Windows\SYSTEM32\kernel.appcore.dll
0x00007ffabfa00000 - 0x00007ffabfa10000 	C:\Program Files\Java\jdk1.8.0_271\jre\bin\verify.dll
0x00007ffa7d000000 - 0x00007ffa7d02b000 	C:\Program Files\Java\jdk1.8.0_271\jre\bin\java.dll
0x00007ffa9f250000 - 0x00007ffa9f268000 	C:\Program Files\Java\jdk1.8.0_271\jre\bin\zip.dll
0x00007ffae82c0000 - 0x00007ffae8a02000 	C:\Windows\System32\SHELL32.dll
0x00007ffae4840000 - 0x00007ffae4fd5000 	C:\Windows\SYSTEM32\windows.storage.dll
0x00007ffae7040000 - 0x00007ffae7396000 	C:\Windows\System32\combase.dll
0x00007ffae6180000 - 0x00007ffae61ac000 	C:\Windows\SYSTEM32\Wldp.dll
0x00007ffae8ee0000 - 0x00007ffae8f8e000 	C:\Windows\System32\SHCORE.dll
0x00007ffae73a0000 - 0x00007ffae73f5000 	C:\Windows\System32\shlwapi.dll
0x00007ffae6640000 - 0x00007ffae6666000 	C:\Windows\SYSTEM32\profapi.dll
0x00007ffa7b7c0000 - 0x00007ffa7b954000 	C:\Program Files\Java\jdk1.8.0_271\jre\bin\awt.dll
0x00007ffae8150000 - 0x00007ffae821d000 	C:\Windows\System32\OLEAUT32.dll
0x00007ffae3ba0000 - 0x00007ffae3c30000 	C:\Windows\SYSTEM32\apphelp.dll
0x00007ffae3c90000 - 0x00007ffae3d2e000 	C:\Windows\system32\uxtheme.dll
0x00007ffae8c30000 - 0x00007ffae8d46000 	C:\Windows\System32\MSCTF.dll
0x00007ffae8020000 - 0x00007ffae814a000 	C:\Windows\System32\ole32.dll
0x00007ffae6df0000 - 0x00007ffae6e70000 	C:\Windows\System32\bcryptPrimitives.dll
0x00007ffae3fd0000 - 0x00007ffae3fff000 	C:\Windows\system32\DWMAPI.DLL
0x00007ffa7ac10000 - 0x00007ffa7ac59000 	C:\Program Files\Java\jdk1.8.0_271\jre\bin\fontmanager.dll
0x00007ffab34b0000 - 0x00007ffab35d5000 	C:\Windows\system32\opengl32.dll
0x00007ffab3410000 - 0x00007ffab343c000 	C:\Windows\SYSTEM32\GLU32.dll
0x00007ffad6af0000 - 0x00007ffad6cbf000 	C:\Windows\system32\d3d9.dll
0x00007ffa7b200000 - 0x00007ffa7b363000 	C:\Windows\System32\DriverStore\FileRepository\iigd_dch.inf_amd64_657d56a89b3d77d6\igdumdim64.dll
0x00007ffa70d50000 - 0x00007ffa74792000 	C:\Windows\System32\DriverStore\FileRepository\iigd_dch.inf_amd64_657d56a89b3d77d6\igd9dxva64.dll
0x00007ffae7790000 - 0x00007ffae7bf7000 	C:\Windows\System32\SETUPAPI.dll
0x00007ffae68c0000 - 0x00007ffae690e000 	C:\Windows\System32\cfgmgr32.dll
0x00007ffae7000000 - 0x00007ffae7027000 	C:\Windows\System32\bcrypt.dll
0x00007ffad99e0000 - 0x00007ffad9c1f000 	C:\Windows\System32\DriverStore\FileRepository\iigd_dch.inf_amd64_657d56a89b3d77d6\igdgmm64.dll
0x00007ffad53a0000 - 0x00007ffad54a2000 	C:\Windows\System32\DriverStore\FileRepository\nvlt.inf_amd64_f186e0981f046e99\nvldumdx.dll
0x00007ffae6ea0000 - 0x00007ffae6ffd000 	C:\Windows\System32\crypt32.dll
0x00007ffade0a0000 - 0x00007ffade0d1000 	C:\Windows\SYSTEM32\cryptnet.dll
0x00007ffae60d0000 - 0x00007ffae60dc000 	C:\Windows\SYSTEM32\cryptbase.dll
0x00007ffae6910000 - 0x00007ffae6970000 	C:\Windows\System32\WINTRUST.DLL
0x00007ffae6300000 - 0x00007ffae6312000 	C:\Windows\SYSTEM32\MSASN1.dll
0x00007ffae7770000 - 0x00007ffae778d000 	C:\Windows\System32\imagehlp.dll
0x00007ffae60e0000 - 0x00007ffae60f8000 	C:\Windows\SYSTEM32\CRYPTSP.dll
0x00007ffae5820000 - 0x00007ffae5854000 	C:\Windows\system32\rsaenh.dll
0x00007ffa6f5a0000 - 0x00007ffa70d42000 	C:\Windows\System32\DriverStore\FileRepository\nvlt.inf_amd64_f186e0981f046e99\nvd3dumx.dll
0x00007ffae5d10000 - 0x00007ffae5d5b000 	C:\Windows\SYSTEM32\powrprof.dll
0x00007ffae5b80000 - 0x00007ffae5b92000 	C:\Windows\SYSTEM32\UMPDC.dll
0x00007ffa759c0000 - 0x00007ffa75c77000 	C:\Windows\system32\nvspcap64.dll
0x00007ffae5450000 - 0x00007ffae5483000 	C:\Windows\SYSTEM32\ntmarta.dll
0x00007ffae5010000 - 0x00007ffae5033000 	C:\Windows\SYSTEM32\gpapi.dll
0x00007ffadc0a0000 - 0x00007ffadc0db000 	C:\Windows\SYSTEM32\dxcore.dll
0x00007ffae8e30000 - 0x00007ffae8ed9000 	C:\Windows\System32\clbcatq.dll
0x00007ffade500000 - 0x00007ffade6b4000 	C:\Windows\SYSTEM32\WindowsCodecs.dll
0x00007ffab65f0000 - 0x00007ffab662e000 	C:\Windows\system32\dataexchange.dll
0x00007ffae30a0000 - 0x00007ffae3287000 	C:\Windows\system32\dcomp.dll
0x00007ffae22b0000 - 0x00007ffae2514000 	C:\Windows\system32\d3d11.dll
0x00007ffae5060000 - 0x00007ffae5153000 	C:\Windows\system32\dxgi.dll
0x00007ffadef10000 - 0x00007ffadf118000 	C:\Windows\system32\twinapi.appcore.dll
0x00007ffa9da30000 - 0x00007ffa9da4c000 	C:\Program Files\Java\jdk1.8.0_271\jre\bin\net.dll
0x00007ffae5f00000 - 0x00007ffae5f6a000 	C:\Windows\system32\mswsock.dll
0x00007ffa7cfe0000 - 0x00007ffa7cff3000 	C:\Program Files\Java\jdk1.8.0_271\jre\bin\nio.dll
0x00007ffa7abc0000 - 0x00007ffa7ac03000 	C:\Program Files\Java\jdk1.8.0_271\jre\bin\t2k.dll
0x00007ffabe320000 - 0x00007ffabe41d000 	C:\Windows\SYSTEM32\textinputframework.dll
0x00007ffae3970000 - 0x00007ffae3a62000 	C:\Windows\System32\CoreMessaging.dll
0x00007ffae3610000 - 0x00007ffae396e000 	C:\Windows\System32\CoreUIComponents.dll
0x00007ffae2f40000 - 0x00007ffae3096000 	C:\Windows\SYSTEM32\wintypes.dll
0x00007ffa7b1a0000 - 0x00007ffa7b1ca000 	C:\Program Files\Java\jdk1.8.0_271\jre\bin\dcpr.dll
0x00007ffae5bf0000 - 0x00007ffae5cbb000 	C:\Windows\SYSTEM32\DNSAPI.dll
0x00007ffae5ba0000 - 0x00007ffae5bdb000 	C:\Windows\SYSTEM32\IPHLPAPI.DLL
0x00007ffae8c20000 - 0x00007ffae8c28000 	C:\Windows\System32\NSI.dll
0x00007ffad5370000 - 0x00007ffad537a000 	C:\Windows\System32\rasadhlp.dll
0x00007ffad54b0000 - 0x00007ffad552f000 	C:\Windows\System32\fwpuclnt.dll
0x00007ffae2190000 - 0x00007ffae21b4000 	C:\Program Files\Java\jdk1.8.0_271\jre\bin\sunec.dll
0x00007ffade140000 - 0x00007ffade157000 	C:\Windows\SYSTEM32\dhcpcsvc6.DLL
0x00007ffadf4e0000 - 0x00007ffadf4fd000 	C:\Windows\SYSTEM32\dhcpcsvc.DLL
0x00007ffae6600000 - 0x00007ffae662e000 	C:\Windows\SYSTEM32\USERENV.dll
0x00007ffae22a0000 - 0x00007ffae22ad000 	C:\Program Files\Java\jdk1.8.0_271\jre\bin\sunmscapi.dll
0x00007ffae61f0000 - 0x00007ffae6217000 	C:\Windows\SYSTEM32\ncrypt.dll
0x00007ffae61b0000 - 0x00007ffae61eb000 	C:\Windows\SYSTEM32\NTASN1.dll
0x00007ffa6a780000 - 0x00007ffa6d7c6000 	D:\Kuliah\opencv\opencv\build\java\x64\opencv_java451.dll
0x00007ffadfe50000 - 0x00007ffae000b000 	C:\Windows\SYSTEM32\MFPlat.DLL
0x00007ffa8a920000 - 0x00007ffa8aa2a000 	C:\Windows\SYSTEM32\MFReadWrite.dll
0x00007ffae0950000 - 0x00007ffae09d4000 	C:\Windows\SYSTEM32\MF.dll
0x00007ffa6f110000 - 0x00007ffa6f59e000 	C:\Windows\SYSTEM32\MFCORE.DLL
0x00007ffae0c30000 - 0x00007ffae0c39000 	C:\Windows\SYSTEM32\ksuser.dll
0x00007ffadfd50000 - 0x00007ffadfd80000 	C:\Windows\SYSTEM32\RTWorkQ.DLL
0x00007ffadfb30000 - 0x00007ffadfb66000 	C:\Windows\SYSTEM32\CompPkgSup.DLL
0x00007ffa91090000 - 0x00007ffa917b6000 	C:\Windows\System32\Windows.Media.dll
0x00007ffaae040000 - 0x00007ffaae0ab000 	C:\Windows\System32\FrameServerClient.dll
0x00007ffa9de80000 - 0x00007ffa9dee7000 	C:\Windows\System32\MFSENSORGROUP.dll
0x00007ffade260000 - 0x00007ffade347000 	C:\Windows\System32\Windows.ApplicationModel.dll
0x00007ffadfd30000 - 0x00007ffadfd3a000 	C:\Windows\SYSTEM32\AVRT.dll
0x00007ffae01b0000 - 0x00007ffae02ab000 	C:\Windows\System32\AppXDeploymentClient.dll
0x00007ffae2270000 - 0x00007ffae227d000 	C:\Windows\System32\vidcap.ax
0x00007ffad5f40000 - 0x00007ffad5f67000 	C:\Windows\System32\kswdmcap.ax
0x00007ffa77c60000 - 0x00007ffa77dcc000 	C:\Windows\System32\MFC42.dll
0x00007ffacad20000 - 0x00007ffacae66000 	C:\Windows\System32\Windows.StateRepositoryPS.dll
0x00007ffa7ab00000 - 0x00007ffa7abba000 	C:\Windows\System32\DriverStore\FileRepository\nvlt.inf_amd64_f186e0981f046e99\nvDecMFTMjpegx.dll
0x00007ffa6ea50000 - 0x00007ffa6ed49000 	C:\Windows\System32\DriverStore\FileRepository\iigd_dch.inf_amd64_657d56a89b3d77d6\mfx_mft_mjpgvd_64.dll
0x00007ffae1de0000 - 0x00007ffae1ed7000 	C:\Windows\SYSTEM32\PROPSYS.dll
0x00007ffad5bd0000 - 0x00007ffad5bed000 	C:\Windows\System32\mfmjpegdec.dll
0x00007ffade900000 - 0x00007ffadea2d000 	C:\Windows\System32\mfperfhelper.dll
0x00007ffabbbd0000 - 0x00007ffabbd30000 	C:\Windows\System32\msvproc.dll
0x00007ffa7bd00000 - 0x00007ffa7bd7d000 	C:\Windows\SYSTEM32\OpenCL.dll
0x00007ffa6dca0000 - 0x00007ffa6e1de000 	C:\Windows\System32\DriverStore\FileRepository\iigd_dch.inf_amd64_657d56a89b3d77d6\igdrcl64.dll
0x00007ffa79870000 - 0x00007ffa79963000 	C:\Windows\System32\DriverStore\FileRepository\iigd_dch.inf_amd64_657d56a89b3d77d6\igdfcl64.dll
0x00007ffad6e10000 - 0x00007ffad99d9000 	C:\Windows\System32\DriverStore\FileRepository\iigd_dch.inf_amd64_657d56a89b3d77d6\igc64.dll
0x00007ffa66ee0000 - 0x00007ffa690de000 	C:\Windows\System32\DriverStore\FileRepository\nvlt.inf_amd64_f186e0981f046e99\nvopencl64.dll
0x00007ffad9c20000 - 0x00007ffada174000 	C:\Windows\SYSTEM32\nvapi64.dll
0x000000005e850000 - 0x000000005e921000 	C:\Users\neet\AppData\Local\Temp\javacpp38552503616900\msvcr100.dll

VM Arguments:
jvm_args: -Dfile.encoding=UTF-8 -Djava.library.path=D:\Kuliah\opencv\opencv\build\java\x64 
java_command: presensi.karyawan.Login
java_class_path (initial): C:\Program Files (x86)\NetBeans 8.2\ide\modules\ext\mysql-connector-java-5.1.23-bin.jar;C:\Users\neet\Documents\NetBeansProjects\PresensiKaryawan\mysql-connector-java-8.0.19.jar;D:\Kuliah\JCalender\jcalendar-1.3.2.jar;D:\Kuliah\opencv\opencv\build\java\opencv-451.jar;D:\Kuliah\opencv2\opencv\build\java\opencv-3413.jar;D:\Kuliah\javacv-bin\javacpp.jar;D:\Kuliah\javacv-bin\javacv-android-arm.jar;D:\Kuliah\javacv-bin\javacv-linux-x86.jar;D:\Kuliah\javacv-bin\javacv-linux-x86_64.jar;D:\Kuliah\javacv-bin\javacv-macosx-x86_64.jar;D:\Kuliah\javacv-bin\javacv-windows-x86.jar;D:\Kuliah\javacv-bin\javacv-windows-x86_64.jar;D:\Kuliah\javacv-bin\javacv.jar;D:\Kuliah\javacv-cppjars\ffmpeg-20130915-git-7ac6c63-windows-x86.jar;D:\Kuliah\javacv-cppjars\ffmpeg-20130915-git-7ac6c63-windows-x86_64.jar;D:\Kuliah\javacv-cppjars\opencv-2.4.6.0-windows-x86.jar;D:\Kuliah\javacv-cppjars\opencv-2.4.6.0-windows-x86_64.jar;D:\Kuliah\newJavaCv\artoolkitplus-2.3.1-1.0.jar;D:\Kuliah\newJavaCv\ffmpeg-2.7.1-1.0.jar;D:\Kuliah\newJavaCv\flandmark-1.07-1.0.jar;D:\Kuliah\newJavaCv\flycapture-2.7.3.19-1.0.jar;D:\Kuliah\newJavaCv\javacpp-1.0.jar;D:\Kuliah\newJavaCv\javacv-1.0.jar;D:\Kuliah\newJavaCv\libdc1394-2.2.3-1.0.jar;D:\Kuliah\newJavaCv\libfreenect-0.5.2-1.0.jar;D:\Kuliah\newJavaCv\opencv-3.0.0-1.0.jar;D:\Kuliah\newJavaCv\videoinput-0.200-1.0.jar;C:\Users\neet\Documents\NetBeansProjects\PresensiKaryawan\build\classes
Launcher Type: SUN_STANDARD

Environment Variables:
PATH=C:\Program Files (x86)\Common Files\Oracle\Java\javapath;C:\Windows\system32;C:\Windows;C:\Windows\System32\Wbem;C:\Windows\System32\WindowsPowerShell\v1.0\;C:\Windows\System32\OpenSSH\;C:\Program Files (x86)\NVIDIA Corporation\PhysX\Common;C:\Program Files\NVIDIA Corporation\NVIDIA NvDLISR;C:\Program Files\Git\cmd;C:\Program Files\PuTTY\;D:\Kuliah\opencv\opencv\build\x64\vc15\bin;C:\Users\neet\AppData\Local\Microsoft\WindowsApps;;C:\Users\neet\AppData\Local\Programs\Microsoft VS Code\bin
USERNAME=neet
OS=Windows_NT
PROCESSOR_IDENTIFIER=Intel64 Family 6 Model 165 Stepping 2, GenuineIntel



---------------  S Y S T E M  ---------------

OS: Windows 10.0 , 64 bit Build 19041 (10.0.19041.662)

CPU:total 8 (initial active 8) (4 cores per cpu, 2 threads per core) family 6 model 165 stepping 2, cmov, cx8, fxsr, mmx, sse, sse2, sse3, ssse3, sse4.1, sse4.2, popcnt, avx, avx2, aes, clmul, erms, 3dnowpref, lzcnt, ht, tsc, tscinvbit, bmi1, bmi2, adx

Memory: 4k page, physical 8253684k(1048352k free), swap 18215156k(5559524k free)

vm_info: Java HotSpot(TM) 64-Bit Server VM (25.271-b09) for windows-amd64 JRE (1.8.0_271-b09), built on Sep 16 2020 19:14:59 by "" with MS VC++ 15.9 (VS2017)

time: Fri Jan  1 19:47:09 2021
timezone: SE Asia Standard Time
elapsed time: 27.252711 seconds (0d 0h 0m 27s)

